-------------------------------------------------------------------------------
Test set: com.telcobright.splitverse.tests.ComprehensiveStrategyTest
-------------------------------------------------------------------------------
Tests run: 17, Failures: 0, Errors: 17, Skipped: 0, Time elapsed: 0.623 s <<< FAILURE! -- in com.telcobright.splitverse.tests.ComprehensiveStrategyTest
com.telcobright.splitverse.tests.ComprehensiveStrategyTest.testSingleKeyHashStrategy -- Time elapsed: 0.055 s <<< ERROR!
java.lang.IllegalStateException: No shards could be initialized
	at com.telcobright.core.repository.SplitVerseRepository.<init>(SplitVerseRepository.java:73)
	at com.telcobright.core.repository.SplitVerseRepository$Builder.build(SplitVerseRepository.java:721)
	at com.telcobright.splitverse.tests.ComprehensiveStrategyTest.createRepository(ComprehensiveStrategyTest.java:578)
	at com.telcobright.splitverse.tests.ComprehensiveStrategyTest.testSingleKeyHashStrategy(ComprehensiveStrategyTest.java:105)
	at java.base/java.lang.reflect.Method.invoke(Method.java:580)
	at java.base/java.util.ArrayList.forEach(ArrayList.java:1596)
	at java.base/java.util.ArrayList.forEach(ArrayList.java:1596)

com.telcobright.splitverse.tests.ComprehensiveStrategyTest.testDualKeyHashRange_DateTime_Daily -- Time elapsed: 0.003 s <<< ERROR!
java.lang.IllegalStateException: No shards could be initialized
	at com.telcobright.core.repository.SplitVerseRepository.<init>(SplitVerseRepository.java:73)
	at com.telcobright.core.repository.SplitVerseRepository$Builder.build(SplitVerseRepository.java:721)
	at com.telcobright.splitverse.tests.ComprehensiveStrategyTest.createRepository(ComprehensiveStrategyTest.java:578)
	at com.telcobright.splitverse.tests.ComprehensiveStrategyTest.testDateTimePartitioning(ComprehensiveStrategyTest.java:144)
	at com.telcobright.splitverse.tests.ComprehensiveStrategyTest.testDualKeyHashRange_DateTime_Daily(ComprehensiveStrategyTest.java:121)
	at java.base/java.lang.reflect.Method.invoke(Method.java:580)
	at java.base/java.util.ArrayList.forEach(ArrayList.java:1596)
	at java.base/java.util.ArrayList.forEach(ArrayList.java:1596)

com.telcobright.splitverse.tests.ComprehensiveStrategyTest.testDualKeyHashRange_DateTime_Hourly -- Time elapsed: 0.002 s <<< ERROR!
java.lang.IllegalStateException: No shards could be initialized
	at com.telcobright.core.repository.SplitVerseRepository.<init>(SplitVerseRepository.java:73)
	at com.telcobright.core.repository.SplitVerseRepository$Builder.build(SplitVerseRepository.java:721)
	at com.telcobright.splitverse.tests.ComprehensiveStrategyTest.createRepository(ComprehensiveStrategyTest.java:578)
	at com.telcobright.splitverse.tests.ComprehensiveStrategyTest.testDateTimePartitioning(ComprehensiveStrategyTest.java:144)
	at com.telcobright.splitverse.tests.ComprehensiveStrategyTest.testDualKeyHashRange_DateTime_Hourly(ComprehensiveStrategyTest.java:127)
	at java.base/java.lang.reflect.Method.invoke(Method.java:580)
	at java.base/java.util.ArrayList.forEach(ArrayList.java:1596)
	at java.base/java.util.ArrayList.forEach(ArrayList.java:1596)

com.telcobright.splitverse.tests.ComprehensiveStrategyTest.testDualKeyHashRange_DateTime_Monthly -- Time elapsed: 0.002 s <<< ERROR!
java.lang.IllegalStateException: No shards could be initialized
	at com.telcobright.core.repository.SplitVerseRepository.<init>(SplitVerseRepository.java:73)
	at com.telcobright.core.repository.SplitVerseRepository$Builder.build(SplitVerseRepository.java:721)
	at com.telcobright.splitverse.tests.ComprehensiveStrategyTest.createRepository(ComprehensiveStrategyTest.java:578)
	at com.telcobright.splitverse.tests.ComprehensiveStrategyTest.testDateTimePartitioning(ComprehensiveStrategyTest.java:144)
	at com.telcobright.splitverse.tests.ComprehensiveStrategyTest.testDualKeyHashRange_DateTime_Monthly(ComprehensiveStrategyTest.java:133)
	at java.base/java.lang.reflect.Method.invoke(Method.java:580)
	at java.base/java.util.ArrayList.forEach(ArrayList.java:1596)
	at java.base/java.util.ArrayList.forEach(ArrayList.java:1596)

com.telcobright.splitverse.tests.ComprehensiveStrategyTest.testDualKeyHashRange_DateTime_Yearly -- Time elapsed: 0.001 s <<< ERROR!
java.lang.IllegalStateException: No shards could be initialized
	at com.telcobright.core.repository.SplitVerseRepository.<init>(SplitVerseRepository.java:73)
	at com.telcobright.core.repository.SplitVerseRepository$Builder.build(SplitVerseRepository.java:721)
	at com.telcobright.splitverse.tests.ComprehensiveStrategyTest.createRepository(ComprehensiveStrategyTest.java:578)
	at com.telcobright.splitverse.tests.ComprehensiveStrategyTest.testDateTimePartitioning(ComprehensiveStrategyTest.java:144)
	at com.telcobright.splitverse.tests.ComprehensiveStrategyTest.testDualKeyHashRange_DateTime_Yearly(ComprehensiveStrategyTest.java:139)
	at java.base/java.lang.reflect.Method.invoke(Method.java:580)
	at java.base/java.util.ArrayList.forEach(ArrayList.java:1596)
	at java.base/java.util.ArrayList.forEach(ArrayList.java:1596)

com.telcobright.splitverse.tests.ComprehensiveStrategyTest.testDualKeyHashRange_Long_1K -- Time elapsed: 0.002 s <<< ERROR!
java.lang.IllegalStateException: No shards could be initialized
	at com.telcobright.core.repository.SplitVerseRepository.<init>(SplitVerseRepository.java:73)
	at com.telcobright.core.repository.SplitVerseRepository$Builder.build(SplitVerseRepository.java:721)
	at com.telcobright.splitverse.tests.ComprehensiveStrategyTest.createRepository(ComprehensiveStrategyTest.java:578)
	at com.telcobright.splitverse.tests.ComprehensiveStrategyTest.testLongPartitioning(ComprehensiveStrategyTest.java:213)
	at com.telcobright.splitverse.tests.ComprehensiveStrategyTest.testDualKeyHashRange_Long_1K(ComprehensiveStrategyTest.java:195)
	at java.base/java.lang.reflect.Method.invoke(Method.java:580)
	at java.base/java.util.ArrayList.forEach(ArrayList.java:1596)
	at java.base/java.util.ArrayList.forEach(ArrayList.java:1596)

com.telcobright.splitverse.tests.ComprehensiveStrategyTest.testDualKeyHashRange_Long_100K -- Time elapsed: 0.001 s <<< ERROR!
java.lang.IllegalStateException: No shards could be initialized
	at com.telcobright.core.repository.SplitVerseRepository.<init>(SplitVerseRepository.java:73)
	at com.telcobright.core.repository.SplitVerseRepository$Builder.build(SplitVerseRepository.java:721)
	at com.telcobright.splitverse.tests.ComprehensiveStrategyTest.createRepository(ComprehensiveStrategyTest.java:578)
	at com.telcobright.splitverse.tests.ComprehensiveStrategyTest.testLongPartitioning(ComprehensiveStrategyTest.java:213)
	at com.telcobright.splitverse.tests.ComprehensiveStrategyTest.testDualKeyHashRange_Long_100K(ComprehensiveStrategyTest.java:201)
	at java.base/java.lang.reflect.Method.invoke(Method.java:580)
	at java.base/java.util.ArrayList.forEach(ArrayList.java:1596)
	at java.base/java.util.ArrayList.forEach(ArrayList.java:1596)

com.telcobright.splitverse.tests.ComprehensiveStrategyTest.testDualKeyHashRange_Long_1M -- Time elapsed: 0.002 s <<< ERROR!
java.lang.IllegalStateException: No shards could be initialized
	at com.telcobright.core.repository.SplitVerseRepository.<init>(SplitVerseRepository.java:73)
	at com.telcobright.core.repository.SplitVerseRepository$Builder.build(SplitVerseRepository.java:721)
	at com.telcobright.splitverse.tests.ComprehensiveStrategyTest.createRepository(ComprehensiveStrategyTest.java:578)
	at com.telcobright.splitverse.tests.ComprehensiveStrategyTest.testLongPartitioning(ComprehensiveStrategyTest.java:213)
	at com.telcobright.splitverse.tests.ComprehensiveStrategyTest.testDualKeyHashRange_Long_1M(ComprehensiveStrategyTest.java:207)
	at java.base/java.lang.reflect.Method.invoke(Method.java:580)
	at java.base/java.util.ArrayList.forEach(ArrayList.java:1596)
	at java.base/java.util.ArrayList.forEach(ArrayList.java:1596)

com.telcobright.splitverse.tests.ComprehensiveStrategyTest.testDualKeyHashRange_Integer -- Time elapsed: 0.001 s <<< ERROR!
java.lang.IllegalStateException: No shards could be initialized
	at com.telcobright.core.repository.SplitVerseRepository.<init>(SplitVerseRepository.java:73)
	at com.telcobright.core.repository.SplitVerseRepository$Builder.build(SplitVerseRepository.java:721)
	at com.telcobright.splitverse.tests.ComprehensiveStrategyTest.createRepository(ComprehensiveStrategyTest.java:578)
	at com.telcobright.splitverse.tests.ComprehensiveStrategyTest.testDualKeyHashRange_Integer(ComprehensiveStrategyTest.java:255)
	at java.base/java.lang.reflect.Method.invoke(Method.java:580)
	at java.base/java.util.ArrayList.forEach(ArrayList.java:1596)
	at java.base/java.util.ArrayList.forEach(ArrayList.java:1596)

com.telcobright.splitverse.tests.ComprehensiveStrategyTest.testDualKeyHashRange_Double -- Time elapsed: 0.002 s <<< ERROR!
java.lang.IllegalStateException: No shards could be initialized
	at com.telcobright.core.repository.SplitVerseRepository.<init>(SplitVerseRepository.java:73)
	at com.telcobright.core.repository.SplitVerseRepository$Builder.build(SplitVerseRepository.java:721)
	at com.telcobright.splitverse.tests.ComprehensiveStrategyTest.createRepository(ComprehensiveStrategyTest.java:578)
	at com.telcobright.splitverse.tests.ComprehensiveStrategyTest.testDualKeyHashRange_Double(ComprehensiveStrategyTest.java:285)
	at java.base/java.lang.reflect.Method.invoke(Method.java:580)
	at java.base/java.util.ArrayList.forEach(ArrayList.java:1596)
	at java.base/java.util.ArrayList.forEach(ArrayList.java:1596)

com.telcobright.splitverse.tests.ComprehensiveStrategyTest.testDualKeyHashHash_String_4Buckets -- Time elapsed: 0.002 s <<< ERROR!
java.lang.IllegalStateException: No shards could be initialized
	at com.telcobright.core.repository.SplitVerseRepository.<init>(SplitVerseRepository.java:73)
	at com.telcobright.core.repository.SplitVerseRepository$Builder.build(SplitVerseRepository.java:721)
	at com.telcobright.splitverse.tests.ComprehensiveStrategyTest.createRepository(ComprehensiveStrategyTest.java:578)
	at com.telcobright.splitverse.tests.ComprehensiveStrategyTest.testHashPartitioning(ComprehensiveStrategyTest.java:332)
	at com.telcobright.splitverse.tests.ComprehensiveStrategyTest.testDualKeyHashHash_String_4Buckets(ComprehensiveStrategyTest.java:315)
	at java.base/java.lang.reflect.Method.invoke(Method.java:580)
	at java.base/java.util.ArrayList.forEach(ArrayList.java:1596)
	at java.base/java.util.ArrayList.forEach(ArrayList.java:1596)

com.telcobright.splitverse.tests.ComprehensiveStrategyTest.testDualKeyHashHash_String_16Buckets -- Time elapsed: 0.001 s <<< ERROR!
java.lang.IllegalStateException: No shards could be initialized
	at com.telcobright.core.repository.SplitVerseRepository.<init>(SplitVerseRepository.java:73)
	at com.telcobright.core.repository.SplitVerseRepository$Builder.build(SplitVerseRepository.java:721)
	at com.telcobright.splitverse.tests.ComprehensiveStrategyTest.createRepository(ComprehensiveStrategyTest.java:578)
	at com.telcobright.splitverse.tests.ComprehensiveStrategyTest.testHashPartitioning(ComprehensiveStrategyTest.java:332)
	at com.telcobright.splitverse.tests.ComprehensiveStrategyTest.testDualKeyHashHash_String_16Buckets(ComprehensiveStrategyTest.java:321)
	at java.base/java.lang.reflect.Method.invoke(Method.java:580)
	at java.base/java.util.ArrayList.forEach(ArrayList.java:1596)
	at java.base/java.util.ArrayList.forEach(ArrayList.java:1596)

com.telcobright.splitverse.tests.ComprehensiveStrategyTest.testDualKeyHashHash_String_32Buckets -- Time elapsed: 0.002 s <<< ERROR!
java.lang.IllegalStateException: No shards could be initialized
	at com.telcobright.core.repository.SplitVerseRepository.<init>(SplitVerseRepository.java:73)
	at com.telcobright.core.repository.SplitVerseRepository$Builder.build(SplitVerseRepository.java:721)
	at com.telcobright.splitverse.tests.ComprehensiveStrategyTest.createRepository(ComprehensiveStrategyTest.java:578)
	at com.telcobright.splitverse.tests.ComprehensiveStrategyTest.testHashPartitioning(ComprehensiveStrategyTest.java:332)
	at com.telcobright.splitverse.tests.ComprehensiveStrategyTest.testDualKeyHashHash_String_32Buckets(ComprehensiveStrategyTest.java:327)
	at java.base/java.lang.reflect.Method.invoke(Method.java:580)
	at java.base/java.util.ArrayList.forEach(ArrayList.java:1596)
	at java.base/java.util.ArrayList.forEach(ArrayList.java:1596)

com.telcobright.splitverse.tests.ComprehensiveStrategyTest.testBatchOperationsAcrossPartitions -- Time elapsed: 0.002 s <<< ERROR!
java.lang.IllegalStateException: No shards could be initialized
	at com.telcobright.core.repository.SplitVerseRepository.<init>(SplitVerseRepository.java:73)
	at com.telcobright.core.repository.SplitVerseRepository$Builder.build(SplitVerseRepository.java:721)
	at com.telcobright.splitverse.tests.ComprehensiveStrategyTest.createRepository(ComprehensiveStrategyTest.java:578)
	at com.telcobright.splitverse.tests.ComprehensiveStrategyTest.testBatchOperationsAcrossPartitions(ComprehensiveStrategyTest.java:363)
	at java.base/java.lang.reflect.Method.invoke(Method.java:580)
	at java.base/java.util.ArrayList.forEach(ArrayList.java:1596)
	at java.base/java.util.ArrayList.forEach(ArrayList.java:1596)

com.telcobright.splitverse.tests.ComprehensiveStrategyTest.testCursorBasedPagination -- Time elapsed: 0.001 s <<< ERROR!
java.lang.IllegalStateException: No shards could be initialized
	at com.telcobright.core.repository.SplitVerseRepository.<init>(SplitVerseRepository.java:73)
	at com.telcobright.core.repository.SplitVerseRepository$Builder.build(SplitVerseRepository.java:721)
	at com.telcobright.splitverse.tests.ComprehensiveStrategyTest.createRepository(ComprehensiveStrategyTest.java:578)
	at com.telcobright.splitverse.tests.ComprehensiveStrategyTest.testCursorBasedPagination(ComprehensiveStrategyTest.java:415)
	at java.base/java.lang.reflect.Method.invoke(Method.java:580)
	at java.base/java.util.ArrayList.forEach(ArrayList.java:1596)
	at java.base/java.util.ArrayList.forEach(ArrayList.java:1596)

com.telcobright.splitverse.tests.ComprehensiveStrategyTest.testDeleteOperations -- Time elapsed: 0.001 s <<< ERROR!
java.lang.IllegalStateException: No shards could be initialized
	at com.telcobright.core.repository.SplitVerseRepository.<init>(SplitVerseRepository.java:73)
	at com.telcobright.core.repository.SplitVerseRepository$Builder.build(SplitVerseRepository.java:721)
	at com.telcobright.splitverse.tests.ComprehensiveStrategyTest.createRepository(ComprehensiveStrategyTest.java:578)
	at com.telcobright.splitverse.tests.ComprehensiveStrategyTest.testDeleteOperations(ComprehensiveStrategyTest.java:461)
	at java.base/java.lang.reflect.Method.invoke(Method.java:580)
	at java.base/java.util.ArrayList.forEach(ArrayList.java:1596)
	at java.base/java.util.ArrayList.forEach(ArrayList.java:1596)

com.telcobright.splitverse.tests.ComprehensiveStrategyTest.testUpdateOperations -- Time elapsed: 0.001 s <<< ERROR!
java.lang.IllegalStateException: No shards could be initialized
	at com.telcobright.core.repository.SplitVerseRepository.<init>(SplitVerseRepository.java:73)
	at com.telcobright.core.repository.SplitVerseRepository$Builder.build(SplitVerseRepository.java:721)
	at com.telcobright.splitverse.tests.ComprehensiveStrategyTest.createRepository(ComprehensiveStrategyTest.java:578)
	at com.telcobright.splitverse.tests.ComprehensiveStrategyTest.testUpdateOperations(ComprehensiveStrategyTest.java:512)
	at java.base/java.lang.reflect.Method.invoke(Method.java:580)
	at java.base/java.util.ArrayList.forEach(ArrayList.java:1596)
	at java.base/java.util.ArrayList.forEach(ArrayList.java:1596)

