-------------------------------------------------------------------------------
Test set: com.telcobright.splitverse.tests.SimpleSmsDebugTest
-------------------------------------------------------------------------------
Tests run: 1, Failures: 1, Errors: 0, Skipped: 0, Time elapsed: 3.188 s <<< FAILURE! -- in com.telcobright.splitverse.tests.SimpleSmsDebugTest
com.telcobright.splitverse.tests.SimpleSmsDebugTest.testInsertAndImmediateRetrieve -- Time elapsed: 0.157 s <<< FAILURE!
org.opentest4j.AssertionFailedError: Should have retrieved the SMS record
	at org.junit.jupiter.api.AssertionUtils.fail(AssertionUtils.java:38)
	at org.junit.jupiter.api.Assertions.fail(Assertions.java:138)
	at com.telcobright.splitverse.tests.SimpleSmsDebugTest.testInsertAndImmediateRetrieve(SimpleSmsDebugTest.java:155)
	at java.base/java.lang.reflect.Method.invoke(Method.java:580)
	at java.base/java.util.ArrayList.forEach(ArrayList.java:1596)
	at java.base/java.util.ArrayList.forEach(ArrayList.java:1596)

