-------------------------------------------------------------------------------
Test set: com.telcobright.splitverse.tests.ThreeShardNestedPartitioningTest
-------------------------------------------------------------------------------
Tests run: 5, Failures: 1, Errors: 1, Skipped: 0, Time elapsed: 14.38 s <<< FAILURE! -- in com.telcobright.splitverse.tests.ThreeShardNestedPartitioningTest
com.telcobright.splitverse.tests.ThreeShardNestedPartitioningTest.testUpdateAcross3ShardsWithNestedPartitions -- Time elapsed: 3.079 s <<< ERROR!
java.sql.SQLException: No rows updated for ID: 65101f338b684da08e1837
	at com.telcobright.core.repository.GenericMultiTableRepository.updateById(GenericMultiTableRepository.java:443)
	at com.telcobright.core.repository.SplitVerseRepository.updateById(SplitVerseRepository.java:301)
	at com.telcobright.splitverse.tests.ThreeShardNestedPartitioningTest.testUpdateAcross3ShardsWithNestedPartitions(ThreeShardNestedPartitioningTest.java:415)
	at java.base/java.lang.reflect.Method.invoke(Method.java:580)
	at java.base/java.util.ArrayList.forEach(ArrayList.java:1596)
	at java.base/java.util.ArrayList.forEach(ArrayList.java:1596)

com.telcobright.splitverse.tests.ThreeShardNestedPartitioningTest.testDeleteAcross3ShardsWithNestedPartitions -- Time elapsed: 0.775 s <<< FAILURE!
org.opentest4j.AssertionFailedError: Record should be deleted by ID and date range ==> expected: <null> but was: <com.telcobright.splitverse.tests.ThreeShardNestedPartitioningTest$Transaction@71e89a26>
	at org.junit.jupiter.api.AssertionFailureBuilder.build(AssertionFailureBuilder.java:151)
	at org.junit.jupiter.api.AssertionFailureBuilder.buildAndThrow(AssertionFailureBuilder.java:132)
	at org.junit.jupiter.api.AssertNull.failNotNull(AssertNull.java:50)
	at org.junit.jupiter.api.AssertNull.assertNull(AssertNull.java:35)
	at org.junit.jupiter.api.Assertions.assertNull(Assertions.java:287)
	at com.telcobright.splitverse.tests.ThreeShardNestedPartitioningTest.testDeleteAcross3ShardsWithNestedPartitions(ThreeShardNestedPartitioningTest.java:536)
	at java.base/java.lang.reflect.Method.invoke(Method.java:580)
	at java.base/java.util.ArrayList.forEach(ArrayList.java:1596)
	at java.base/java.util.ArrayList.forEach(ArrayList.java:1596)

