-------------------------------------------------------------------------------
Test set: com.telcobright.splitverse.tests.CrudOperationsTest
-------------------------------------------------------------------------------
Tests run: 9, Failures: 1, Errors: 0, Skipped: 0, Time elapsed: 2.150 s <<< FAILURE! -- in com.telcobright.splitverse.tests.CrudOperationsTest
com.telcobright.splitverse.tests.CrudOperationsTest.testFindAllByDateRange -- Time elapsed: 0.064 s <<< FAILURE!
org.opentest4j.AssertionFailedError: Should find at least 4 users in date range ==> expected: <true> but was: <false>
	at org.junit.jupiter.api.AssertionFailureBuilder.build(AssertionFailureBuilder.java:151)
	at org.junit.jupiter.api.AssertionFailureBuilder.buildAndThrow(AssertionFailureBuilder.java:132)
	at org.junit.jupiter.api.AssertTrue.failNotTrue(AssertTrue.java:63)
	at org.junit.jupiter.api.AssertTrue.assertTrue(AssertTrue.java:36)
	at org.junit.jupiter.api.Assertions.assertTrue(Assertions.java:214)
	at com.telcobright.splitverse.tests.CrudOperationsTest.testFindAllByDateRange(CrudOperationsTest.java:163)
	at java.base/java.lang.reflect.Method.invoke(Method.java:580)
	at java.base/java.util.ArrayList.forEach(ArrayList.java:1596)
	at java.base/java.util.ArrayList.forEach(ArrayList.java:1596)

