-------------------------------------------------------------------------------
Test set: com.telcobright.splitverse.tests.MultiShardTest
-------------------------------------------------------------------------------
Tests run: 6, Failures: 1, Errors: 0, Skipped: 0, Time elapsed: 31.25 s <<< FAILURE! -- in com.telcobright.splitverse.tests.MultiShardTest
com.telcobright.splitverse.tests.MultiShardTest.testPaginationAcrossShards -- Time elapsed: 2.040 s <<< FAILURE!
org.opentest4j.AssertionFailedError: Should retrieve at least 100 orders via pagination across shards ==> expected: <true> but was: <false>
	at org.junit.jupiter.api.AssertionFailureBuilder.build(AssertionFailureBuilder.java:151)
	at org.junit.jupiter.api.AssertionFailureBuilder.buildAndThrow(AssertionFailureBuilder.java:132)
	at org.junit.jupiter.api.AssertTrue.failNotTrue(AssertTrue.java:63)
	at org.junit.jupiter.api.AssertTrue.assertTrue(AssertTrue.java:36)
	at org.junit.jupiter.api.Assertions.assertTrue(Assertions.java:214)
	at com.telcobright.splitverse.tests.MultiShardTest.testPaginationAcrossShards(MultiShardTest.java:341)
	at java.base/java.lang.reflect.Method.invoke(Method.java:580)
	at java.base/java.util.ArrayList.forEach(ArrayList.java:1596)
	at java.base/java.util.ArrayList.forEach(ArrayList.java:1596)

