-------------------------------------------------------------------------------
Test set: com.telcobright.splitverse.tests.ThreeShardNestedPartitioningTest
-------------------------------------------------------------------------------
Tests run: 5, Failures: 1, Errors: 0, Skipped: 0, Time elapsed: 26.58 s <<< FAILURE! -- in com.telcobright.splitverse.tests.ThreeShardNestedPartitioningTest
com.telcobright.splitverse.tests.ThreeShardNestedPartitioningTest.testDeleteAcross3ShardsWithNestedPartitions -- Time elapsed: 0.449 s <<< FAILURE!
org.opentest4j.AssertionFailedError: Record should be deleted by ID and date range ==> expected: <null> but was: <com.telcobright.splitverse.tests.ThreeShardNestedPartitioningTest$Transaction@15eb0ae9>
	at org.junit.jupiter.api.AssertionFailureBuilder.build(AssertionFailureBuilder.java:151)
	at org.junit.jupiter.api.AssertionFailureBuilder.buildAndThrow(AssertionFailureBuilder.java:132)
	at org.junit.jupiter.api.AssertNull.failNotNull(AssertNull.java:50)
	at org.junit.jupiter.api.AssertNull.assertNull(AssertNull.java:35)
	at org.junit.jupiter.api.Assertions.assertNull(Assertions.java:287)
	at com.telcobright.splitverse.tests.ThreeShardNestedPartitioningTest.testDeleteAcross3ShardsWithNestedPartitions(ThreeShardNestedPartitioningTest.java:536)
	at java.base/java.lang.reflect.Method.invoke(Method.java:580)
	at java.base/java.util.ArrayList.forEach(ArrayList.java:1596)
	at java.base/java.util.ArrayList.forEach(ArrayList.java:1596)

