-------------------------------------------------------------------------------
Test set: com.telcobright.splitverse.tests.MultiEntityComprehensiveTest
-------------------------------------------------------------------------------
Tests run: 1, Failures: 0, Errors: 1, Skipped: 0, Time elapsed: 2.034 s <<< FAILURE! -- in com.telcobright.splitverse.tests.MultiEntityComprehensiveTest
com.telcobright.splitverse.tests.MultiEntityComprehensiveTest -- Time elapsed: 2.034 s <<< ERROR!
java.lang.RuntimeException: Failed to initialize tables for retention period
	at com.telcobright.core.repository.GenericMultiTableRepository.<init>(GenericMultiTableRepository.java:158)
	at com.telcobright.core.repository.GenericMultiTableRepository$Builder.build(GenericMultiTableRepository.java:1918)
	at com.telcobright.splitverse.tests.MultiEntityComprehensiveTest.setupAll(MultiEntityComprehensiveTest.java:70)
	at java.base/java.lang.reflect.Method.invoke(Method.java:580)
	at java.base/java.util.ArrayList.forEach(ArrayList.java:1596)
Caused by: java.sql.SQLException: CRITICAL: Partition boundary inconsistency detected! Min partition mismatch: expected=2025-09-19T08:19:14.098178221, actual=2025-09-19T00:00. Max partition mismatch: expected=2025-10-03T08:19:14.098178221, actual=2025-10-03T00:00. Repository will be terminated to prevent data corruption.
	at com.telcobright.core.repository.GenericMultiTableRepository.refreshPartitionMetadata(GenericMultiTableRepository.java:1467)
	at com.telcobright.core.repository.GenericMultiTableRepository.<init>(GenericMultiTableRepository.java:156)
	... 4 more

