-------------------------------------------------------------------------------
Test set: com.telcobright.splitverse.tests.SequentialWriteTestSimulatorForChronicle
-------------------------------------------------------------------------------
Tests run: 1, Failures: 1, Errors: 0, Skipped: 0, Time elapsed: 8.562 s <<< FAILURE! -- in com.telcobright.splitverse.tests.SequentialWriteTestSimulatorForChronicle
com.telcobright.splitverse.tests.SequentialWriteTestSimulatorForChronicle.testBoundaryConditions -- Time elapsed: 8.524 s <<< FAILURE!
org.opentest4j.AssertionFailedError: Expected 1 records but got 0 ==> expected: <1> but was: <0>
	at org.junit.jupiter.api.AssertionFailureBuilder.build(AssertionFailureBuilder.java:151)
	at org.junit.jupiter.api.AssertionFailureBuilder.buildAndThrow(AssertionFailureBuilder.java:132)
	at org.junit.jupiter.api.AssertEquals.failNotEqual(AssertEquals.java:197)
	at org.junit.jupiter.api.AssertEquals.assertEquals(AssertEquals.java:150)
	at org.junit.jupiter.api.Assertions.assertEquals(Assertions.java:563)
	at com.telcobright.splitverse.tests.SequentialWriteTestSimulatorForChronicle.verifyRetrieval(SequentialWriteTestSimulatorForChronicle.java:199)
	at com.telcobright.splitverse.tests.SequentialWriteTestSimulatorForChronicle.testBoundaryConditions(SequentialWriteTestSimulatorForChronicle.java:366)
	at java.base/java.lang.reflect.Method.invoke(Method.java:580)
	at java.base/java.util.ArrayList.forEach(ArrayList.java:1596)
	at java.base/java.util.ArrayList.forEach(ArrayList.java:1596)

