-------------------------------------------------------------------------------
Test set: com.telcobright.splitverse.tests.AutoManagePartitionsValidationTest
-------------------------------------------------------------------------------
Tests run: 7, Failures: 1, Errors: 1, Skipped: 0, Time elapsed: 3.524 s <<< FAILURE! -- in com.telcobright.splitverse.tests.AutoManagePartitionsValidationTest
com.telcobright.splitverse.tests.AutoManagePartitionsValidationTest.testMultiTableAutoManagementEnabled -- Time elapsed: 0.302 s <<< ERROR!
java.lang.RuntimeException: Failed to initialize tables for retention period
	at com.telcobright.core.repository.GenericMultiTableRepository.<init>(GenericMultiTableRepository.java:159)
	at com.telcobright.core.repository.GenericMultiTableRepository$Builder.build(GenericMultiTableRepository.java:1968)
	at com.telcobright.splitverse.tests.AutoManagePartitionsValidationTest.testMultiTableAutoManagementEnabled(AutoManagePartitionsValidationTest.java:236)
	at java.base/java.lang.reflect.Method.invoke(Method.java:580)
	at java.base/java.util.ArrayList.forEach(ArrayList.java:1596)
	at java.base/java.util.ArrayList.forEach(ArrayList.java:1596)
Caused by: java.sql.SQLException: CRITICAL: Partition boundary inconsistency detected! Min partition mismatch: expected=2025-09-23T20:45:07.978559222, actual=2025-09-23T00:00. Max partition mismatch: expected=2025-09-29T20:45:07.978559222, actual=2025-09-29T00:00. Repository will be terminated to prevent data corruption.
	at com.telcobright.core.repository.GenericMultiTableRepository.refreshPartitionMetadata(GenericMultiTableRepository.java:1517)
	at com.telcobright.core.repository.GenericMultiTableRepository.<init>(GenericMultiTableRepository.java:157)
	... 5 more

com.telcobright.splitverse.tests.AutoManagePartitionsValidationTest.testMultiTableManualManagementWithoutTables -- Time elapsed: 0.077 s <<< FAILURE!
org.opentest4j.AssertionFailedError: No tables should exist initially ==> expected: <0> but was: <4>
	at org.junit.jupiter.api.AssertionFailureBuilder.build(AssertionFailureBuilder.java:151)
	at org.junit.jupiter.api.AssertionFailureBuilder.buildAndThrow(AssertionFailureBuilder.java:132)
	at org.junit.jupiter.api.AssertEquals.failNotEqual(AssertEquals.java:197)
	at org.junit.jupiter.api.AssertEquals.assertEquals(AssertEquals.java:150)
	at org.junit.jupiter.api.Assertions.assertEquals(Assertions.java:563)
	at com.telcobright.splitverse.tests.AutoManagePartitionsValidationTest.testMultiTableManualManagementWithoutTables(AutoManagePartitionsValidationTest.java:298)
	at java.base/java.lang.reflect.Method.invoke(Method.java:580)
	at java.base/java.util.ArrayList.forEach(ArrayList.java:1596)
	at java.base/java.util.ArrayList.forEach(ArrayList.java:1596)

