-------------------------------------------------------------------------------
Test set: com.telcobright.splitverse.tests.PartitionManagementDisabledTest
-------------------------------------------------------------------------------
Tests run: 3, Failures: 1, Errors: 1, Skipped: 0, Time elapsed: 2.014 s <<< FAILURE! -- in com.telcobright.splitverse.tests.PartitionManagementDisabledTest
com.telcobright.splitverse.tests.PartitionManagementDisabledTest.testMultiTableRepositoryWithDisabledManagement -- Time elapsed: 1.107 s <<< ERROR!
java.lang.RuntimeException: Failed to initialize tables for retention period
	at com.telcobright.core.repository.GenericMultiTableRepository.<init>(GenericMultiTableRepository.java:158)
	at com.telcobright.core.repository.GenericMultiTableRepository$Builder.build(GenericMultiTableRepository.java:1918)
	at com.telcobright.splitverse.tests.PartitionManagementDisabledTest.testMultiTableRepositoryWithDisabledManagement(PartitionManagementDisabledTest.java:191)
	at java.base/java.lang.reflect.Method.invoke(Method.java:580)
	at java.base/java.util.ArrayList.forEach(ArrayList.java:1596)
	at java.base/java.util.ArrayList.forEach(ArrayList.java:1596)
Caused by: java.sql.SQLException: CRITICAL: Partition boundary inconsistency detected! Min partition mismatch: expected=2025-09-23T17:54:51.864806640, actual=2025-09-23T00:00. Max partition mismatch: expected=2025-09-29T17:54:51.864806640, actual=2025-09-29T00:00. Repository will be terminated to prevent data corruption.
	at com.telcobright.core.repository.GenericMultiTableRepository.refreshPartitionMetadata(GenericMultiTableRepository.java:1467)
	at com.telcobright.core.repository.GenericMultiTableRepository.<init>(GenericMultiTableRepository.java:156)
	... 5 more

com.telcobright.splitverse.tests.PartitionManagementDisabledTest.testPartitionedRepositoryWithDisabledManagement -- Time elapsed: 0.482 s <<< FAILURE!
org.opentest4j.AssertionFailedError: All partitions should be retained when autoManagePartitions=false, found: 6 ==> expected: <true> but was: <false>
	at org.junit.jupiter.api.AssertionFailureBuilder.build(AssertionFailureBuilder.java:151)
	at org.junit.jupiter.api.AssertionFailureBuilder.buildAndThrow(AssertionFailureBuilder.java:132)
	at org.junit.jupiter.api.AssertTrue.failNotTrue(AssertTrue.java:63)
	at org.junit.jupiter.api.AssertTrue.assertTrue(AssertTrue.java:36)
	at org.junit.jupiter.api.Assertions.assertTrue(Assertions.java:214)
	at com.telcobright.splitverse.tests.PartitionManagementDisabledTest.testPartitionedRepositoryWithDisabledManagement(PartitionManagementDisabledTest.java:169)
	at java.base/java.lang.reflect.Method.invoke(Method.java:580)
	at java.base/java.util.ArrayList.forEach(ArrayList.java:1596)
	at java.base/java.util.ArrayList.forEach(ArrayList.java:1596)

