-------------------------------------------------------------------------------
Test set: com.telcobright.splitverse.tests.ComprehensiveStrategyTest
-------------------------------------------------------------------------------
Tests run: 17, Failures: 4, Errors: 1, Skipped: 0, Time elapsed: 16.07 s <<< FAILURE! -- in com.telcobright.splitverse.tests.ComprehensiveStrategyTest
com.telcobright.splitverse.tests.ComprehensiveStrategyTest.testDualKeyHashRange_DateTime_Hourly -- Time elapsed: 3.255 s <<< FAILURE!
org.opentest4j.AssertionFailedError: Should find all 3 entities in date range ==> expected: <true> but was: <false>
	at org.junit.jupiter.api.AssertionFailureBuilder.build(AssertionFailureBuilder.java:151)
	at org.junit.jupiter.api.AssertionFailureBuilder.buildAndThrow(AssertionFailureBuilder.java:132)
	at org.junit.jupiter.api.AssertTrue.failNotTrue(AssertTrue.java:63)
	at org.junit.jupiter.api.AssertTrue.assertTrue(AssertTrue.java:36)
	at org.junit.jupiter.api.Assertions.assertTrue(Assertions.java:214)
	at com.telcobright.splitverse.tests.ComprehensiveStrategyTest.testDateTimePartitioning(ComprehensiveStrategyTest.java:179)
	at com.telcobright.splitverse.tests.ComprehensiveStrategyTest.testDualKeyHashRange_DateTime_Hourly(ComprehensiveStrategyTest.java:128)
	at java.base/java.lang.reflect.Method.invoke(Method.java:580)
	at java.base/java.util.ArrayList.forEach(ArrayList.java:1596)
	at java.base/java.util.ArrayList.forEach(ArrayList.java:1596)

com.telcobright.splitverse.tests.ComprehensiveStrategyTest.testDualKeyHashRange_DateTime_Monthly -- Time elapsed: 0.270 s <<< FAILURE!
org.opentest4j.AssertionFailedError: Should find all 3 entities in date range ==> expected: <true> but was: <false>
	at org.junit.jupiter.api.AssertionFailureBuilder.build(AssertionFailureBuilder.java:151)
	at org.junit.jupiter.api.AssertionFailureBuilder.buildAndThrow(AssertionFailureBuilder.java:132)
	at org.junit.jupiter.api.AssertTrue.failNotTrue(AssertTrue.java:63)
	at org.junit.jupiter.api.AssertTrue.assertTrue(AssertTrue.java:36)
	at org.junit.jupiter.api.Assertions.assertTrue(Assertions.java:214)
	at com.telcobright.splitverse.tests.ComprehensiveStrategyTest.testDateTimePartitioning(ComprehensiveStrategyTest.java:179)
	at com.telcobright.splitverse.tests.ComprehensiveStrategyTest.testDualKeyHashRange_DateTime_Monthly(ComprehensiveStrategyTest.java:134)
	at java.base/java.lang.reflect.Method.invoke(Method.java:580)
	at java.base/java.util.ArrayList.forEach(ArrayList.java:1596)
	at java.base/java.util.ArrayList.forEach(ArrayList.java:1596)

com.telcobright.splitverse.tests.ComprehensiveStrategyTest.testDualKeyHashRange_DateTime_Yearly -- Time elapsed: 0.203 s <<< FAILURE!
org.opentest4j.AssertionFailedError: Should find all 3 entities in date range ==> expected: <true> but was: <false>
	at org.junit.jupiter.api.AssertionFailureBuilder.build(AssertionFailureBuilder.java:151)
	at org.junit.jupiter.api.AssertionFailureBuilder.buildAndThrow(AssertionFailureBuilder.java:132)
	at org.junit.jupiter.api.AssertTrue.failNotTrue(AssertTrue.java:63)
	at org.junit.jupiter.api.AssertTrue.assertTrue(AssertTrue.java:36)
	at org.junit.jupiter.api.Assertions.assertTrue(Assertions.java:214)
	at com.telcobright.splitverse.tests.ComprehensiveStrategyTest.testDateTimePartitioning(ComprehensiveStrategyTest.java:179)
	at com.telcobright.splitverse.tests.ComprehensiveStrategyTest.testDualKeyHashRange_DateTime_Yearly(ComprehensiveStrategyTest.java:140)
	at java.base/java.lang.reflect.Method.invoke(Method.java:580)
	at java.base/java.util.ArrayList.forEach(ArrayList.java:1596)
	at java.base/java.util.ArrayList.forEach(ArrayList.java:1596)

com.telcobright.splitverse.tests.ComprehensiveStrategyTest.testDeleteOperations -- Time elapsed: 0.613 s <<< FAILURE!
org.opentest4j.AssertionFailedError: Entity should be deleted by date range ==> expected: <null> but was: <com.telcobright.splitverse.tests.ComprehensiveStrategyTest$TestEntity@3741a170>
	at org.junit.jupiter.api.AssertionFailureBuilder.build(AssertionFailureBuilder.java:151)
	at org.junit.jupiter.api.AssertionFailureBuilder.buildAndThrow(AssertionFailureBuilder.java:132)
	at org.junit.jupiter.api.AssertNull.failNotNull(AssertNull.java:50)
	at org.junit.jupiter.api.AssertNull.assertNull(AssertNull.java:35)
	at org.junit.jupiter.api.Assertions.assertNull(Assertions.java:287)
	at com.telcobright.splitverse.tests.ComprehensiveStrategyTest.testDeleteOperations(ComprehensiveStrategyTest.java:494)
	at java.base/java.lang.reflect.Method.invoke(Method.java:580)
	at java.base/java.util.ArrayList.forEach(ArrayList.java:1596)
	at java.base/java.util.ArrayList.forEach(ArrayList.java:1596)

com.telcobright.splitverse.tests.ComprehensiveStrategyTest.testUpdateOperations -- Time elapsed: 0.565 s <<< ERROR!
java.sql.SQLException: Entity with ID 9b16ac9ccd4747c6877507 not found in date range 2025-09-19T20:36:51.122557240 to 2025-09-19T22:36:51.122557240
	at com.telcobright.core.repository.GenericMultiTableRepository.updateByIdAndDateRange(GenericMultiTableRepository.java:487)
	at com.telcobright.core.repository.SplitVerseRepository.updateByIdAndDateRange(SplitVerseRepository.java:312)
	at com.telcobright.splitverse.tests.ComprehensiveStrategyTest.testUpdateOperations(ComprehensiveStrategyTest.java:541)
	at java.base/java.lang.reflect.Method.invoke(Method.java:580)
	at java.base/java.util.ArrayList.forEach(ArrayList.java:1596)
	at java.base/java.util.ArrayList.forEach(ArrayList.java:1596)

