-------------------------------------------------------------------------------
Test set: com.telcobright.splitverse.tests.CrudOperationsTest
-------------------------------------------------------------------------------
Tests run: 1, Failures: 0, Errors: 1, Skipped: 0, Time elapsed: 0.056 s <<< FAILURE! -- in com.telcobright.splitverse.tests.CrudOperationsTest
com.telcobright.splitverse.tests.CrudOperationsTest -- Time elapsed: 0.056 s <<< ERROR!
java.lang.IllegalStateException: No shards could be initialized
	at com.telcobright.core.repository.SplitVerseRepository.<init>(SplitVerseRepository.java:83)
	at com.telcobright.core.repository.SplitVerseRepository$Builder.build(SplitVerseRepository.java:848)
	at com.telcobright.splitverse.tests.CrudOperationsTest.setUpRepository(CrudOperationsTest.java:133)
	at java.base/java.lang.reflect.Method.invoke(Method.java:580)
	at java.base/java.util.ArrayList.forEach(ArrayList.java:1596)

