-------------------------------------------------------------------------------
Test set: com.telcobright.splitverse.tests.ShardingStrategyTest
-------------------------------------------------------------------------------
Tests run: 10, Failures: 0, Errors: 9, Skipped: 0, Time elapsed: 0.174 s <<< FAILURE! -- in com.telcobright.splitverse.tests.ShardingStrategyTest
com.telcobright.splitverse.tests.ShardingStrategyTest.testAllPartitionRanges -- Time elapsed: 0.099 s <<< ERROR!
java.lang.IllegalStateException: No shards could be initialized
	at com.telcobright.core.repository.SplitVerseRepository.<init>(SplitVerseRepository.java:73)
	at com.telcobright.core.repository.SplitVerseRepository$Builder.build(SplitVerseRepository.java:693)
	at com.telcobright.splitverse.tests.ShardingStrategyTest.testAllPartitionRanges(ShardingStrategyTest.java:254)
	at java.base/java.lang.reflect.Method.invoke(Method.java:580)
	at java.base/java.util.ArrayList.forEach(ArrayList.java:1596)
	at java.base/java.util.ArrayList.forEach(ArrayList.java:1596)

com.telcobright.splitverse.tests.ShardingStrategyTest.testDualKeyHashHashStrategy -- Time elapsed: 0.003 s <<< ERROR!
java.lang.IllegalStateException: No shards could be initialized
	at com.telcobright.core.repository.SplitVerseRepository.<init>(SplitVerseRepository.java:73)
	at com.telcobright.core.repository.SplitVerseRepository$Builder.build(SplitVerseRepository.java:693)
	at com.telcobright.splitverse.tests.ShardingStrategyTest.testDualKeyHashHashStrategy(ShardingStrategyTest.java:117)
	at java.base/java.lang.reflect.Method.invoke(Method.java:580)
	at java.base/java.util.ArrayList.forEach(ArrayList.java:1596)
	at java.base/java.util.ArrayList.forEach(ArrayList.java:1596)

com.telcobright.splitverse.tests.ShardingStrategyTest.testDualKeyHashRangeStrategy_ValueBasedPartitioning -- Time elapsed: 0.003 s <<< ERROR!
java.lang.IllegalStateException: No shards could be initialized
	at com.telcobright.core.repository.SplitVerseRepository.<init>(SplitVerseRepository.java:73)
	at com.telcobright.core.repository.SplitVerseRepository$Builder.build(SplitVerseRepository.java:693)
	at com.telcobright.splitverse.tests.ShardingStrategyTest.testDualKeyHashRangeStrategy_ValueBasedPartitioning(ShardingStrategyTest.java:101)
	at java.base/java.lang.reflect.Method.invoke(Method.java:580)
	at java.base/java.util.ArrayList.forEach(ArrayList.java:1596)
	at java.base/java.util.ArrayList.forEach(ArrayList.java:1596)

com.telcobright.splitverse.tests.ShardingStrategyTest.testIdSizeConfiguration -- Time elapsed: 0.002 s <<< ERROR!
java.lang.IllegalStateException: No shards could be initialized
	at com.telcobright.core.repository.SplitVerseRepository.<init>(SplitVerseRepository.java:73)
	at com.telcobright.core.repository.SplitVerseRepository$Builder.build(SplitVerseRepository.java:693)
	at com.telcobright.splitverse.tests.ShardingStrategyTest.testIdSizeConfiguration(ShardingStrategyTest.java:154)
	at java.base/java.lang.reflect.Method.invoke(Method.java:580)
	at java.base/java.util.ArrayList.forEach(ArrayList.java:1596)
	at java.base/java.util.ArrayList.forEach(ArrayList.java:1596)

com.telcobright.splitverse.tests.ShardingStrategyTest.testDualKeyHashRangeStrategy_TimeBasedPartitioning -- Time elapsed: 0.003 s <<< ERROR!
java.lang.IllegalStateException: No shards could be initialized
	at com.telcobright.core.repository.SplitVerseRepository.<init>(SplitVerseRepository.java:73)
	at com.telcobright.core.repository.SplitVerseRepository$Builder.build(SplitVerseRepository.java:693)
	at com.telcobright.splitverse.tests.ShardingStrategyTest.testDualKeyHashRangeStrategy_TimeBasedPartitioning(ShardingStrategyTest.java:85)
	at java.base/java.lang.reflect.Method.invoke(Method.java:580)
	at java.base/java.util.ArrayList.forEach(ArrayList.java:1596)
	at java.base/java.util.ArrayList.forEach(ArrayList.java:1596)

com.telcobright.splitverse.tests.ShardingStrategyTest.testMultipleDataSources -- Time elapsed: 0.003 s <<< ERROR!
java.lang.IllegalStateException: No shards could be initialized
	at com.telcobright.core.repository.SplitVerseRepository.<init>(SplitVerseRepository.java:73)
	at com.telcobright.core.repository.SplitVerseRepository$Builder.build(SplitVerseRepository.java:693)
	at com.telcobright.splitverse.tests.ShardingStrategyTest.testMultipleDataSources(ShardingStrategyTest.java:139)
	at java.base/java.lang.reflect.Method.invoke(Method.java:580)
	at java.base/java.util.ArrayList.forEach(ArrayList.java:1596)
	at java.base/java.util.ArrayList.forEach(ArrayList.java:1596)

com.telcobright.splitverse.tests.ShardingStrategyTest.testRetentionConfiguration -- Time elapsed: 0.002 s <<< ERROR!
java.lang.IllegalStateException: No shards could be initialized
	at com.telcobright.core.repository.SplitVerseRepository.<init>(SplitVerseRepository.java:73)
	at com.telcobright.core.repository.SplitVerseRepository$Builder.build(SplitVerseRepository.java:693)
	at com.telcobright.splitverse.tests.ShardingStrategyTest.testRetentionConfiguration(ShardingStrategyTest.java:171)
	at java.base/java.lang.reflect.Method.invoke(Method.java:580)
	at java.base/java.util.ArrayList.forEach(ArrayList.java:1596)
	at java.base/java.util.ArrayList.forEach(ArrayList.java:1596)

com.telcobright.splitverse.tests.ShardingStrategyTest.testSingleKeyHashStrategy -- Time elapsed: 0.002 s <<< ERROR!
java.lang.IllegalStateException: No shards could be initialized
	at com.telcobright.core.repository.SplitVerseRepository.<init>(SplitVerseRepository.java:73)
	at com.telcobright.core.repository.SplitVerseRepository$Builder.build(SplitVerseRepository.java:693)
	at com.telcobright.splitverse.tests.ShardingStrategyTest.testSingleKeyHashStrategy(ShardingStrategyTest.java:69)
	at java.base/java.lang.reflect.Method.invoke(Method.java:580)
	at java.base/java.util.ArrayList.forEach(ArrayList.java:1596)
	at java.base/java.util.ArrayList.forEach(ArrayList.java:1596)

com.telcobright.splitverse.tests.ShardingStrategyTest.testAllPartitionColumnTypes -- Time elapsed: 0.004 s <<< ERROR!
java.lang.IllegalStateException: No shards could be initialized
	at com.telcobright.core.repository.SplitVerseRepository.<init>(SplitVerseRepository.java:73)
	at com.telcobright.core.repository.SplitVerseRepository$Builder.build(SplitVerseRepository.java:693)
	at com.telcobright.splitverse.tests.ShardingStrategyTest.testPartitionColumnType(ShardingStrategyTest.java:327)
	at com.telcobright.splitverse.tests.ShardingStrategyTest.testAllPartitionColumnTypes(ShardingStrategyTest.java:299)
	at java.base/java.lang.reflect.Method.invoke(Method.java:580)
	at java.base/java.util.ArrayList.forEach(ArrayList.java:1596)
	at java.base/java.util.ArrayList.forEach(ArrayList.java:1596)

