<?xml version="1.0" encoding="UTF-8"?>
<testsuite xmlns:xsi="http://www.w3.org/2001/XMLSchema-instance" xsi:noNamespaceSchemaLocation="https://maven.apache.org/surefire/maven-surefire-plugin/xsd/surefire-test-report.xsd" version="3.0.2" name="com.telcobright.splitverse.tests.SmsMultiTableHourlyPartitionTest" time="101.831" tests="7" errors="0" skipped="0" failures="1">
  <properties>
[...]
</properties>
  <testcase name="testInsertTenThousandSmsRecords" classname="com.telcobright.splitverse.tests.SmsMultiTableHourlyPartitionTest" time="70.312">
    <system-out><![CDATA[
=== SMS Multi-Table Hourly Partition Test Setup ===
Database: sms_shard_01
Mode: Multi-table with daily tables, hourly native partitions
Tables to create: 15 days
Test period: 7 days
Total records: 10000
✓ Database created
[SplitVerse] Building repository with:
  Entity: SmsRecord
  Table: auto-detect
  Sharding Strategy: SINGLE_KEY_HASH
  Repository Mode: MULTI_TABLE
  Table Granularity: DAILY
  Retention Days: 15
  ID Size: 22 bytes
  Charset: utf8mb4, Collation: utf8mb4_bin
  Shards: 1
[2025-09-21 06:21:16.810] INFO  [MultiTableRepo.sms] Initializing daily tables for retention period: 2025-09-06 to 2025-10-06 (31 days)
[2025-09-21 06:21:33.980] INFO  [MultiTableRepo.sms] Completed table initialization
[SplitVerse] Initialized shard: shard_01
[SplitVerse] Initialized with 1 active shard(s)
✓ Repository configured with daily tables and hourly partitions

=== Test 1: Insert 10,000 SMS Records ===
Inserting 10000 SMS records across 7 days...
  Progress: 1000/10000
  Progress: 2000/10000
  Progress: 3000/10000
  Progress: 4000/10000
  Progress: 5000/10000
  Progress: 6000/10000
  Progress: 7000/10000
  Progress: 8000/10000
  Progress: 9000/10000
  Progress: 10000/10000
✓ Successfully inserted 10000 SMS records

Record distribution by day:
  2025-09-18: 1429 records
  2025-09-17: 1428 records
  2025-09-16: 1428 records
  2025-09-15: 1428 records
  2025-09-19: 1429 records
  2025-09-21: 1429 records
  2025-09-20: 1429 records
]]></system-out>
    <system-err><![CDATA[Sep 21, 2025 6:21:16 AM com.telcobright.core.connection.ConnectionProvider <init>
INFO: ConnectionProvider initialized for: jdbc:mysql://127.0.0.1:3306/sms_shard_01?useSSL=false&serverTimezone=UTC&useLegacyDatetimeCode=false&preserveInstants=true
]]></system-err>
  </testcase>
  <testcase name="testVerifyDailyTables" classname="com.telcobright.splitverse.tests.SmsMultiTableHourlyPartitionTest" time="0.023">
    <system-out><![CDATA[
=== Test 2: Verify Daily Tables Creation ===

Created tables:
  ✓ sms_20250906
  ✓ sms_20250907
  ✓ sms_20250908
  ✓ sms_20250909
  ✓ sms_20250910
  ✓ sms_20250911
  ✓ sms_20250912
  ✓ sms_20250913
  ✓ sms_20250914
  ✓ sms_20250915
  ✓ sms_20250916
  ✓ sms_20250917
  ✓ sms_20250918
  ✓ sms_20250919
  ✓ sms_20250920
  ✓ sms_20250921
  ✓ sms_20250922
  ✓ sms_20250923
  ✓ sms_20250924
  ✓ sms_20250925
  ✓ sms_20250926
  ✓ sms_20250927
  ✓ sms_20250928
  ✓ sms_20250929
  ✓ sms_20250930
  ✓ sms_20251001
  ✓ sms_20251002
  ✓ sms_20251003
  ✓ sms_20251004
  ✓ sms_20251005
  ✓ sms_20251006

✓ Verified 31 daily tables created
]]></system-out>
  </testcase>
  <testcase name="testVerifyHourlyPartitions" classname="com.telcobright.splitverse.tests.SmsMultiTableHourlyPartitionTest" time="0.015">
    <system-out><![CDATA[
=== Test 3: Verify Hourly Partitions in Each Table ===

Partitions for table: sms_20250906
  Total partitions: 24, Total rows: 0

Partitions for table: sms_20250907
  Total partitions: 24, Total rows: 0

Partitions for table: sms_20250908
  Total partitions: 24, Total rows: 0

✓ Verified hourly partitions in daily tables
]]></system-out>
  </testcase>
  <testcase name="testVerifyPartitionDistribution" classname="com.telcobright.splitverse.tests.SmsMultiTableHourlyPartitionTest" time="0.009">
    <system-out><![CDATA[
=== Test 4: Verify Partition Distribution Within Day ===

Analyzing hourly distribution for table: sms_20250921

Hourly distribution:
  Hour 01: 60 records
  Hour 02: 57 records
  Hour 03: 61 records
  Hour 04: 69 records
  Hour 05: 58 records
  Hour 06: 56 records
  Hour 07: 65 records
  Hour 08: 48 records
  Hour 09: 61 records
  Hour 10: 72 records
  Hour 11: 55 records
  Hour 12: 50 records
  Hour 13: 65 records
  Hour 14: 76 records
  Hour 15: 53 records
  Hour 16: 53 records
  Hour 17: 55 records
  Hour 18: 64 records
  Hour 19: 65 records
  Hour 20: 56 records
  Hour 21: 60 records
  Hour 22: 59 records
  Hour 23: 57 records
  Hour 24: 54 records

Total records in sms_20250921: 1429
Non-empty partitions: 24/24
✓ Verified hourly partition distribution
]]></system-out>
  </testcase>
  <testcase name="testRetrieveRecordsByTimeRange" classname="com.telcobright.splitverse.tests.SmsMultiTableHourlyPartitionTest" time="0.01">
    <system-out><![CDATA[
=== Test 5: Retrieve Records by Time Range ===
Querying records between:
  Start: 2025-09-20T10:00
  End: 2025-09-20T11:00

Records found in time range: 59
Partitions accessed: p_h05
✓ Successfully retrieved records with partition pruning
]]></system-out>
  </testcase>
  <testcase name="testVerifyTableStructure" classname="com.telcobright.splitverse.tests.SmsMultiTableHourlyPartitionTest" time="0.005">
    <system-out><![CDATA[
=== Test 6: Verify Table Structure with Partitions ===

Table structure for sms_20250921:
✓ Table has correct structure with 24 hourly partitions
✓ Using RANGE COLUMNS partitioning on created_at
]]></system-out>
  </testcase>
  <testcase name="testFindByIdAndPartitionColRange" classname="com.telcobright.splitverse.tests.SmsMultiTableHourlyPartitionTest" time="3.975">
    <failure message="Should successfully find SMS with valid date ranges ==&gt; expected: &lt;true&gt; but was: &lt;false&gt;" type="org.opentest4j.AssertionFailedError"><![CDATA[org.opentest4j.AssertionFailedError: Should successfully find SMS with valid date ranges ==> expected: <true> but was: <false>
	at org.junit.jupiter.api.AssertionFailureBuilder.build(AssertionFailureBuilder.java:151)
	at org.junit.jupiter.api.AssertionFailureBuilder.buildAndThrow(AssertionFailureBuilder.java:132)
	at org.junit.jupiter.api.AssertTrue.failNotTrue(AssertTrue.java:63)
	at org.junit.jupiter.api.AssertTrue.assertTrue(AssertTrue.java:36)
	at org.junit.jupiter.api.Assertions.assertTrue(Assertions.java:214)
	at com.telcobright.splitverse.tests.SmsMultiTableHourlyPartitionTest.testFindByIdAndPartitionColRange(SmsMultiTableHourlyPartitionTest.java:711)
	at java.base/java.lang.reflect.Method.invoke(Method.java:580)
	at java.base/java.util.ArrayList.forEach(ArrayList.java:1596)
	at java.base/java.util.ArrayList.forEach(ArrayList.java:1596)
]]></failure>
    <system-out><![CDATA[
=== Test 7: Comprehensive Entity Verification with findByIdAndPartitionColRange ===
Testing all 10000 SMS records with complete entity comparison...

[2025-09-21 06:22:44.378] INFO  [MultiTableRepo.sms] Executing SQL: SELECT * FROM sms_shard_01.sms_20250920 WHERE id = ? AND created_at >= ? AND created_at < ?
[2025-09-21 06:22:44.379] INFO  [MultiTableRepo.sms] Parameters: id=1580701b-3091-4957-ba3f-3ad044bceff4, startValue=2025-09-20T17:52, endValue=2025-09-20T17:54
[2025-09-21 06:22:44.381] INFO  [MultiTableRepo.sms] Setting timestamp parameters: start=2025-09-20 17:52:00.0, end=2025-09-20 17:54:00.0
[2025-09-21 06:22:44.382] INFO  [MultiTableRepo.sms] No results found in table sms_shard_01.sms_20250920
[2025-09-21 06:22:44.386] INFO  [MultiTableRepo.sms] Executing SQL: SELECT * FROM sms_shard_01.sms_20250915 WHERE id = ? AND created_at >= ? AND created_at < ?
[2025-09-21 06:22:44.386] INFO  [MultiTableRepo.sms] Parameters: id=8a42628d-2c50-4164-a95d-cf56b1a3bf58, startValue=2025-09-15T12:10, endValue=2025-09-15T12:12
[2025-09-21 06:22:44.387] INFO  [MultiTableRepo.sms] Setting timestamp parameters: start=2025-09-15 12:10:00.0, end=2025-09-15 12:12:00.0
[2025-09-21 06:22:44.388] INFO  [MultiTableRepo.sms] No results found in table sms_shard_01.sms_20250915
[2025-09-21 06:22:44.390] INFO  [MultiTableRepo.sms] Executing SQL: SELECT * FROM sms_shard_01.sms_20250915 WHERE id = ? AND created_at >= ? AND created_at < ?
[2025-09-21 06:22:44.390] INFO  [MultiTableRepo.sms] Parameters: id=51a30f15-0fbe-42bb-b109-a53b8b5b5b33, startValue=2025-09-15T03:58, endValue=2025-09-15T04:00
[2025-09-21 06:22:44.393] INFO  [MultiTableRepo.sms] Setting timestamp parameters: start=2025-09-15 03:58:00.0, end=2025-09-15 04:00:00.0
[2025-09-21 06:22:44.394] INFO  [MultiTableRepo.sms] No results found in table sms_shard_01.sms_20250915
[2025-09-21 06:22:44.396] INFO  [MultiTableRepo.sms] Executing SQL: SELECT * FROM sms_shard_01.sms_20250920 WHERE id = ? AND created_at >= ? AND created_at < ?
[2025-09-21 06:22:44.396] INFO  [MultiTableRepo.sms] Parameters: id=6a20397b-97fd-48a6-8812-8ed2cb54d065, startValue=2025-09-20T09:35, endValue=2025-09-20T11:35
[2025-09-21 06:22:44.397] INFO  [MultiTableRepo.sms] Setting timestamp parameters: start=2025-09-20 09:35:00.0, end=2025-09-20 11:35:00.0
[2025-09-21 06:22:44.398] INFO  [MultiTableRepo.sms] No results found in table sms_shard_01.sms_20250920
[2025-09-21 06:22:44.400] INFO  [MultiTableRepo.sms] Executing SQL: SELECT * FROM sms_shard_01.sms_20250919 WHERE id = ? AND created_at >= ? AND created_at < ?
[2025-09-21 06:22:44.400] INFO  [MultiTableRepo.sms] Parameters: id=e73958b6-34f5-4b31-a456-646427d657af, startValue=2025-09-19T20:04, endValue=2025-09-19T20:06
[2025-09-21 06:22:44.402] INFO  [MultiTableRepo.sms] Setting timestamp parameters: start=2025-09-19 20:04:00.0, end=2025-09-19 20:06:00.0
[2025-09-21 06:22:44.402] INFO  [MultiTableRepo.sms] No results found in table sms_shard_01.sms_20250919
[2025-09-21 06:22:44.404] INFO  [MultiTableRepo.sms] Executing SQL: SELECT * FROM sms_shard_01.sms_20250916 WHERE id = ? AND created_at >= ? AND created_at < ?
[2025-09-21 06:22:44.405] INFO  [MultiTableRepo.sms] Parameters: id=2cc75728-5033-4a94-a64f-8f180b6c47e0, startValue=2025-09-16T01:27, endValue=2025-09-16T01:29
[2025-09-21 06:22:44.406] INFO  [MultiTableRepo.sms] Setting timestamp parameters: start=2025-09-16 01:27:00.0, end=2025-09-16 01:29:00.0
[2025-09-21 06:22:44.407] INFO  [MultiTableRepo.sms] No results found in table sms_shard_01.sms_20250916
[2025-09-21 06:22:44.409] INFO  [MultiTableRepo.sms] Executing SQL: SELECT * FROM sms_shard_01.sms_20250920 WHERE id = ? AND created_at >= ? AND created_at < ?
[2025-09-21 06:22:44.409] INFO  [MultiTableRepo.sms] Parameters: id=175cc042-5fbc-4a59-b8f2-b90cd81156fd, startValue=2025-09-20T00:26, endValue=2025-09-20T02:26
[2025-09-21 06:22:44.410] INFO  [MultiTableRepo.sms] Setting timestamp parameters: start=2025-09-20 00:26:00.0, end=2025-09-20 02:26:00.0
[2025-09-21 06:22:44.411] INFO  [MultiTableRepo.sms] No results found in table sms_shard_01.sms_20250920
[2025-09-21 06:22:44.413] INFO  [MultiTableRepo.sms] Executing SQL: SELECT * FROM sms_shard_01.sms_20250921 WHERE id = ? AND created_at >= ? AND created_at < ?
[2025-09-21 06:22:44.413] INFO  [MultiTableRepo.sms] Parameters: id=cb0b4646-e415-48fa-b67f-61c04a1cb4c7, startValue=2025-09-21T16:19:59, endValue=2025-09-21T16:20:01
[2025-09-21 06:22:44.414] INFO  [MultiTableRepo.sms] Setting timestamp parameters: start=2025-09-21 16:19:59.0, end=2025-09-21 16:20:01.0
[2025-09-21 06:22:44.415] INFO  [MultiTableRepo.sms] No results found in table sms_shard_01.sms_20250921
[2025-09-21 06:22:44.417] INFO  [MultiTableRepo.sms] Executing SQL: SELECT * FROM sms_shard_01.sms_20250917 WHERE id = ? AND created_at >= ? AND created_at < ?
[2025-09-21 06:22:44.417] INFO  [MultiTableRepo.sms] Parameters: id=e64553ad-86d4-4e4c-8690-0b43b122f935, startValue=2025-09-17T01:24, endValue=2025-09-17T03:24
[2025-09-21 06:22:44.418] INFO  [MultiTableRepo.sms] Setting timestamp parameters: start=2025-09-17 01:24:00.0, end=2025-09-17 03:24:00.0
[2025-09-21 06:22:44.419] INFO  [MultiTableRepo.sms] No results found in table sms_shard_01.sms_20250917
[2025-09-21 06:22:44.421] INFO  [MultiTableRepo.sms] Executing SQL: SELECT * FROM sms_shard_01.sms_20250917 WHERE id = ? AND created_at >= ? AND created_at < ?
[2025-09-21 06:22:44.421] INFO  [MultiTableRepo.sms] Parameters: id=22112be7-9721-44c5-a57f-12068eb8a8a2, startValue=2025-09-17T18:32:59, endValue=2025-09-17T18:33:01
[2025-09-21 06:22:44.422] INFO  [MultiTableRepo.sms] Setting timestamp parameters: start=2025-09-17 18:32:59.0, end=2025-09-17 18:33:01.0
[2025-09-21 06:22:44.423] INFO  [MultiTableRepo.sms] No results found in table sms_shard_01.sms_20250917
[2025-09-21 06:22:44.425] INFO  [MultiTableRepo.sms] Executing SQL: SELECT * FROM sms_shard_01.sms_20250919 WHERE id = ? AND created_at >= ? AND created_at < ?
[2025-09-21 06:22:44.425] INFO  [MultiTableRepo.sms] Parameters: id=a945378e-2b72-40d3-9370-791767d5e991, startValue=2025-09-19T00:32:59, endValue=2025-09-19T00:33:01
[2025-09-21 06:22:44.426] INFO  [MultiTableRepo.sms] Setting timestamp parameters: start=2025-09-19 00:32:59.0, end=2025-09-19 00:33:01.0
[2025-09-21 06:22:44.429] INFO  [MultiTableRepo.sms] No results found in table sms_shard_01.sms_20250919
[2025-09-21 06:22:44.433] INFO  [MultiTableRepo.sms] Executing SQL: SELECT * FROM sms_shard_01.sms_20250915 WHERE id = ? AND created_at >= ? AND created_at < ?
[2025-09-21 06:22:44.433] INFO  [MultiTableRepo.sms] Parameters: id=9453d3da-1815-4181-b5bb-f9649d637df8, startValue=2025-09-15T13:32:59, endValue=2025-09-15T13:33:01
[2025-09-21 06:22:44.437] INFO  [MultiTableRepo.sms] Setting timestamp parameters: start=2025-09-15 13:32:59.0, end=2025-09-15 13:33:01.0
[2025-09-21 06:22:44.438] INFO  [MultiTableRepo.sms] No results found in table sms_shard_01.sms_20250915
[2025-09-21 06:22:44.440] INFO  [MultiTableRepo.sms] Executing SQL: SELECT * FROM sms_shard_01.sms_20250921 WHERE id = ? AND created_at >= ? AND created_at < ?
[2025-09-21 06:22:44.440] INFO  [MultiTableRepo.sms] Parameters: id=85f5fcc9-6d20-426e-a0c2-590121271809, startValue=2025-09-21T13:58, endValue=2025-09-21T14:00
[2025-09-21 06:22:44.442] INFO  [MultiTableRepo.sms] Setting timestamp parameters: start=2025-09-21 13:58:00.0, end=2025-09-21 14:00:00.0
[2025-09-21 06:22:44.442] INFO  [MultiTableRepo.sms] No results found in table sms_shard_01.sms_20250921
[2025-09-21 06:22:44.444] INFO  [MultiTableRepo.sms] Executing SQL: SELECT * FROM sms_shard_01.sms_20250921 WHERE id = ? AND created_at >= ? AND created_at < ?
[2025-09-21 06:22:44.444] INFO  [MultiTableRepo.sms] Parameters: id=8dc488a5-614e-435a-9c6c-89c4577dbc38, startValue=2025-09-21T18:43, endValue=2025-09-21T20:43
[2025-09-21 06:22:44.446] INFO  [MultiTableRepo.sms] Setting timestamp parameters: start=2025-09-21 18:43:00.0, end=2025-09-21 20:43:00.0
[2025-09-21 06:22:44.446] INFO  [MultiTableRepo.sms] No results found in table sms_shard_01.sms_20250921
[2025-09-21 06:22:44.448] INFO  [MultiTableRepo.sms] Executing SQL: SELECT * FROM sms_shard_01.sms_20250915 WHERE id = ? AND created_at >= ? AND created_at < ?
[2025-09-21 06:22:44.448] INFO  [MultiTableRepo.sms] Parameters: id=1fa908c6-d1ad-4860-8568-35bbde167636, startValue=2025-09-15T13:26:59, endValue=2025-09-15T13:27:01
[2025-09-21 06:22:44.450] INFO  [MultiTableRepo.sms] Setting timestamp parameters: start=2025-09-15 13:26:59.0, end=2025-09-15 13:27:01.0
[2025-09-21 06:22:44.450] INFO  [MultiTableRepo.sms] No results found in table sms_shard_01.sms_20250915
[2025-09-21 06:22:44.452] INFO  [MultiTableRepo.sms] Executing SQL: SELECT * FROM sms_shard_01.sms_20250916 WHERE id = ? AND created_at >= ? AND created_at < ?
[2025-09-21 06:22:44.452] INFO  [MultiTableRepo.sms] Parameters: id=2e735964-7fb3-4273-9547-864937f45d14, startValue=2025-09-16T22:04, endValue=2025-09-16T22:06
[2025-09-21 06:22:44.453] INFO  [MultiTableRepo.sms] Setting timestamp parameters: start=2025-09-16 22:04:00.0, end=2025-09-16 22:06:00.0
[2025-09-21 06:22:44.453] INFO  [MultiTableRepo.sms] No results found in table sms_shard_01.sms_20250916
[2025-09-21 06:22:44.455] INFO  [MultiTableRepo.sms] Executing SQL: SELECT * FROM sms_shard_01.sms_20250916 WHERE id = ? AND created_at >= ? AND created_at < ?
[2025-09-21 06:22:44.455] INFO  [MultiTableRepo.sms] Parameters: id=0deb042b-b3e6-44c8-90a8-0a5db5968867, startValue=2025-09-16T11:44, endValue=2025-09-16T13:44
[2025-09-21 06:22:44.456] INFO  [MultiTableRepo.sms] Setting timestamp parameters: start=2025-09-16 11:44:00.0, end=2025-09-16 13:44:00.0
[2025-09-21 06:22:44.457] INFO  [MultiTableRepo.sms] No results found in table sms_shard_01.sms_20250916
[2025-09-21 06:22:44.459] INFO  [MultiTableRepo.sms] Executing SQL: SELECT * FROM sms_shard_01.sms_20250916 WHERE id = ? AND created_at >= ? AND created_at < ?
[2025-09-21 06:22:44.459] INFO  [MultiTableRepo.sms] Parameters: id=8b585b6e-623f-4f3e-8bd4-a5979f6086e4, startValue=2025-09-16T12:34:59, endValue=2025-09-16T12:35:01
[2025-09-21 06:22:44.460] INFO  [MultiTableRepo.sms] Setting timestamp parameters: start=2025-09-16 12:34:59.0, end=2025-09-16 12:35:01.0
[2025-09-21 06:22:44.460] INFO  [MultiTableRepo.sms] No results found in table sms_shard_01.sms_20250916
[2025-09-21 06:22:44.462] INFO  [MultiTableRepo.sms] Executing SQL: SELECT * FROM sms_shard_01.sms_20250915 WHERE id = ? AND created_at >= ? AND created_at < ?
[2025-09-21 06:22:44.462] INFO  [MultiTableRepo.sms] Parameters: id=3dce3142-4017-466a-a6cd-9c73084210e2, startValue=2025-09-15T16:35, endValue=2025-09-15T18:35
[2025-09-21 06:22:44.463] INFO  [MultiTableRepo.sms] Setting timestamp parameters: start=2025-09-15 16:35:00.0, end=2025-09-15 18:35:00.0
[2025-09-21 06:22:44.463] INFO  [MultiTableRepo.sms] No results found in table sms_shard_01.sms_20250915
[2025-09-21 06:22:44.465] INFO  [MultiTableRepo.sms] Executing SQL: SELECT * FROM sms_shard_01.sms_20250918 WHERE id = ? AND created_at >= ? AND created_at < ?
[2025-09-21 06:22:44.465] INFO  [MultiTableRepo.sms] Parameters: id=d95b724c-ec2a-4eb2-b2f1-fc33e5e226ca, startValue=2025-09-18T23:40:59, endValue=2025-09-18T23:41:01
[2025-09-21 06:22:44.466] INFO  [MultiTableRepo.sms] Setting timestamp parameters: start=2025-09-18 23:40:59.0, end=2025-09-18 23:41:01.0
[2025-09-21 06:22:44.466] INFO  [MultiTableRepo.sms] No results found in table sms_shard_01.sms_20250918
[2025-09-21 06:22:44.468] INFO  [MultiTableRepo.sms] Executing SQL: SELECT * FROM sms_shard_01.sms_20250918 WHERE id = ? AND created_at >= ? AND created_at < ?
[2025-09-21 06:22:44.468] INFO  [MultiTableRepo.sms] Parameters: id=34309c5f-d99f-4b0d-bf8b-ddfab39ae0a0, startValue=2025-09-18T04:03, endValue=2025-09-18T06:03
[2025-09-21 06:22:44.469] INFO  [MultiTableRepo.sms] Setting timestamp parameters: start=2025-09-18 04:03:00.0, end=2025-09-18 06:03:00.0
[2025-09-21 06:22:44.469] INFO  [MultiTableRepo.sms] No results found in table sms_shard_01.sms_20250918
[2025-09-21 06:22:44.471] INFO  [MultiTableRepo.sms] Executing SQL: SELECT * FROM sms_shard_01.sms_20250921 WHERE id = ? AND created_at >= ? AND created_at < ?
[2025-09-21 06:22:44.471] INFO  [MultiTableRepo.sms] Parameters: id=c3ffd4d8-b6a1-459e-910d-f29a157c7e39, startValue=2025-09-21T16:34:59, endValue=2025-09-21T16:35:01
[2025-09-21 06:22:44.472] INFO  [MultiTableRepo.sms] Setting timestamp parameters: start=2025-09-21 16:34:59.0, end=2025-09-21 16:35:01.0
[2025-09-21 06:22:44.473] INFO  [MultiTableRepo.sms] No results found in table sms_shard_01.sms_20250921
[2025-09-21 06:22:44.474] INFO  [MultiTableRepo.sms] Executing SQL: SELECT * FROM sms_shard_01.sms_20250915 WHERE id = ? AND created_at >= ? AND created_at < ?
[2025-09-21 06:22:44.474] INFO  [MultiTableRepo.sms] Parameters: id=3c880ded-0251-46a0-9944-ef0370b9895f, startValue=2025-09-15T06:52, endValue=2025-09-15T08:52
[2025-09-21 06:22:44.475] INFO  [MultiTableRepo.sms] Setting timestamp parameters: start=2025-09-15 06:52:00.0, end=2025-09-15 08:52:00.0
[2025-09-21 06:22:44.476] INFO  [MultiTableRepo.sms] No results found in table sms_shard_01.sms_20250915
[2025-09-21 06:22:44.477] INFO  [MultiTableRepo.sms] Executing SQL: SELECT * FROM sms_shard_01.sms_20250919 WHERE id = ? AND created_at >= ? AND created_at < ?
[2025-09-21 06:22:44.477] INFO  [MultiTableRepo.sms] Parameters: id=450adb3c-7d9f-41ba-992b-dfbd824f91f9, startValue=2025-09-19T07:04:59, endValue=2025-09-19T07:05:01
[2025-09-21 06:22:44.479] INFO  [MultiTableRepo.sms] Setting timestamp parameters: start=2025-09-19 07:04:59.0, end=2025-09-19 07:05:01.0
[2025-09-21 06:22:44.480] INFO  [MultiTableRepo.sms] No results found in table sms_shard_01.sms_20250919
[2025-09-21 06:22:44.484] INFO  [MultiTableRepo.sms] Executing SQL: SELECT * FROM sms_shard_01.sms_20250917 WHERE id = ? AND created_at >= ? AND created_at < ?
[2025-09-21 06:22:44.484] INFO  [MultiTableRepo.sms] Parameters: id=89073e98-34e1-4d87-8a50-a8efe855316c, startValue=2025-09-17T23:25, endValue=2025-09-17T23:27
[2025-09-21 06:22:44.486] INFO  [MultiTableRepo.sms] Setting timestamp parameters: start=2025-09-17 23:25:00.0, end=2025-09-17 23:27:00.0
[2025-09-21 06:22:44.488] INFO  [MultiTableRepo.sms] No results found in table sms_shard_01.sms_20250917
[2025-09-21 06:22:44.490] INFO  [MultiTableRepo.sms] Executing SQL: SELECT * FROM sms_shard_01.sms_20250921 WHERE id = ? AND created_at >= ? AND created_at < ?
[2025-09-21 06:22:44.490] INFO  [MultiTableRepo.sms] Parameters: id=4791249a-d2bc-47c8-8f22-ca690422cb5a, startValue=2025-09-21T05:59:59, endValue=2025-09-21T06:00:01
[2025-09-21 06:22:44.492] INFO  [MultiTableRepo.sms] Setting timestamp parameters: start=2025-09-21 05:59:59.0, end=2025-09-21 06:00:01.0
[2025-09-21 06:22:44.493] INFO  [MultiTableRepo.sms] No results found in table sms_shard_01.sms_20250921
[2025-09-21 06:22:44.496] INFO  [MultiTableRepo.sms] Executing SQL: SELECT * FROM sms_shard_01.sms_20250916 WHERE id = ? AND created_at >= ? AND created_at < ?
[2025-09-21 06:22:44.496] INFO  [MultiTableRepo.sms] Parameters: id=a70ed96e-1253-4cdd-a17f-e70e9ad83542, startValue=2025-09-16T21:30:59, endValue=2025-09-16T21:31:01
[2025-09-21 06:22:44.498] INFO  [MultiTableRepo.sms] Setting timestamp parameters: start=2025-09-16 21:30:59.0, end=2025-09-16 21:31:01.0
[2025-09-21 06:22:44.501] INFO  [MultiTableRepo.sms] No results found in table sms_shard_01.sms_20250916
[2025-09-21 06:22:44.507] INFO  [MultiTableRepo.sms] Executing SQL: SELECT * FROM sms_shard_01.sms_20250915 WHERE id = ? AND created_at >= ? AND created_at < ?
[2025-09-21 06:22:44.507] INFO  [MultiTableRepo.sms] Parameters: id=7e0f19ff-6285-4e8e-9dd8-3cae962e5c76, startValue=2025-09-15T04:35, endValue=2025-09-15T04:37
[2025-09-21 06:22:44.508] INFO  [MultiTableRepo.sms] Setting timestamp parameters: start=2025-09-15 04:35:00.0, end=2025-09-15 04:37:00.0
[2025-09-21 06:22:44.509] INFO  [MultiTableRepo.sms] No results found in table sms_shard_01.sms_20250915
[2025-09-21 06:22:44.516] INFO  [MultiTableRepo.sms] Executing SQL: SELECT * FROM sms_shard_01.sms_20250921 WHERE id = ? AND created_at >= ? AND created_at < ?
[2025-09-21 06:22:44.516] INFO  [MultiTableRepo.sms] Parameters: id=33a49d3a-1ba3-4a49-9b89-517c359b219c, startValue=2025-09-21T11:51, endValue=2025-09-21T13:51
[2025-09-21 06:22:44.519] INFO  [MultiTableRepo.sms] Setting timestamp parameters: start=2025-09-21 11:51:00.0, end=2025-09-21 13:51:00.0
[2025-09-21 06:22:44.521] INFO  [MultiTableRepo.sms] No results found in table sms_shard_01.sms_20250921
[2025-09-21 06:22:44.523] INFO  [MultiTableRepo.sms] Executing SQL: SELECT * FROM sms_shard_01.sms_20250919 WHERE id = ? AND created_at >= ? AND created_at < ?
[2025-09-21 06:22:44.523] INFO  [MultiTableRepo.sms] Parameters: id=745ddc92-c33f-41e0-b5d9-f0d60e3e81f5, startValue=2025-09-19T03:50:59, endValue=2025-09-19T03:51:01
[2025-09-21 06:22:44.525] INFO  [MultiTableRepo.sms] Setting timestamp parameters: start=2025-09-19 03:50:59.0, end=2025-09-19 03:51:01.0
[2025-09-21 06:22:44.525] INFO  [MultiTableRepo.sms] No results found in table sms_shard_01.sms_20250919
[2025-09-21 06:22:44.527] INFO  [MultiTableRepo.sms] Executing SQL: SELECT * FROM sms_shard_01.sms_20250916 WHERE id = ? AND created_at >= ? AND created_at < ?
[2025-09-21 06:22:44.527] INFO  [MultiTableRepo.sms] Parameters: id=f8011ef1-9643-4068-b047-a77e964fc68b, startValue=2025-09-16T23:28, endValue=2025-09-16T23:30
[2025-09-21 06:22:44.529] INFO  [MultiTableRepo.sms] Setting timestamp parameters: start=2025-09-16 23:28:00.0, end=2025-09-16 23:30:00.0
[2025-09-21 06:22:44.530] INFO  [MultiTableRepo.sms] No results found in table sms_shard_01.sms_20250916
[2025-09-21 06:22:44.532] INFO  [MultiTableRepo.sms] Executing SQL: SELECT * FROM sms_shard_01.sms_20250915 WHERE id = ? AND created_at >= ? AND created_at < ?
[2025-09-21 06:22:44.532] INFO  [MultiTableRepo.sms] Parameters: id=efaac56d-02f0-4219-aebb-43876d5c3f6c, startValue=2025-09-15T02:16, endValue=2025-09-15T02:18
[2025-09-21 06:22:44.536] INFO  [MultiTableRepo.sms] Setting timestamp parameters: start=2025-09-15 02:16:00.0, end=2025-09-15 02:18:00.0
[2025-09-21 06:22:44.537] INFO  [MultiTableRepo.sms] No results found in table sms_shard_01.sms_20250915
[2025-09-21 06:22:44.539] INFO  [MultiTableRepo.sms] Executing SQL: SELECT * FROM sms_shard_01.sms_20250921 WHERE id = ? AND created_at >= ? AND created_at < ?
[2025-09-21 06:22:44.539] INFO  [MultiTableRepo.sms] Parameters: id=0f12570f-acc0-481e-8f61-d0a8be46cc3f, startValue=2025-09-21T13:42, endValue=2025-09-21T13:44
[2025-09-21 06:22:44.541] INFO  [MultiTableRepo.sms] Setting timestamp parameters: start=2025-09-21 13:42:00.0, end=2025-09-21 13:44:00.0
[2025-09-21 06:22:44.541] INFO  [MultiTableRepo.sms] No results found in table sms_shard_01.sms_20250921
[2025-09-21 06:22:44.543] INFO  [MultiTableRepo.sms] Executing SQL: SELECT * FROM sms_shard_01.sms_20250916 WHERE id = ? AND created_at >= ? AND created_at < ?
[2025-09-21 06:22:44.543] INFO  [MultiTableRepo.sms] Parameters: id=d5f2a606-622e-48e6-9ed1-f943b21a6c85, startValue=2025-09-16T04:58, endValue=2025-09-16T06:58
[2025-09-21 06:22:44.544] INFO  [MultiTableRepo.sms] Setting timestamp parameters: start=2025-09-16 04:58:00.0, end=2025-09-16 06:58:00.0
[2025-09-21 06:22:44.545] INFO  [MultiTableRepo.sms] No results found in table sms_shard_01.sms_20250916
[2025-09-21 06:22:44.547] INFO  [MultiTableRepo.sms] Executing SQL: SELECT * FROM sms_shard_01.sms_20250918 WHERE id = ? AND created_at >= ? AND created_at < ?
[2025-09-21 06:22:44.547] INFO  [MultiTableRepo.sms] Parameters: id=29d9cffb-8274-4292-b1b2-4dd55af21b76, startValue=2025-09-18T22:27, endValue=2025-09-18T22:29
[2025-09-21 06:22:44.549] INFO  [MultiTableRepo.sms] Setting timestamp parameters: start=2025-09-18 22:27:00.0, end=2025-09-18 22:29:00.0
[2025-09-21 06:22:44.550] INFO  [MultiTableRepo.sms] No results found in table sms_shard_01.sms_20250918
[2025-09-21 06:22:44.555] INFO  [MultiTableRepo.sms] Executing SQL: SELECT * FROM sms_shard_01.sms_20250917 WHERE id = ? AND created_at >= ? AND created_at < ?
[2025-09-21 06:22:44.555] INFO  [MultiTableRepo.sms] Parameters: id=e9eb7dbc-d513-4d19-aaca-c4942d7b070b, startValue=2025-09-17T20:51:59, endValue=2025-09-17T20:52:01
[2025-09-21 06:22:44.557] INFO  [MultiTableRepo.sms] Setting timestamp parameters: start=2025-09-17 20:51:59.0, end=2025-09-17 20:52:01.0
[2025-09-21 06:22:44.558] INFO  [MultiTableRepo.sms] No results found in table sms_shard_01.sms_20250917
[2025-09-21 06:22:44.560] INFO  [MultiTableRepo.sms] Executing SQL: SELECT * FROM sms_shard_01.sms_20250917 WHERE id = ? AND created_at >= ? AND created_at < ?
[2025-09-21 06:22:44.560] INFO  [MultiTableRepo.sms] Parameters: id=65eeaec3-10b5-46e8-9dd8-1eaff5842af9, startValue=2025-09-17T10:25, endValue=2025-09-17T10:27
[2025-09-21 06:22:44.561] INFO  [MultiTableRepo.sms] Setting timestamp parameters: start=2025-09-17 10:25:00.0, end=2025-09-17 10:27:00.0
[2025-09-21 06:22:44.562] INFO  [MultiTableRepo.sms] No results found in table sms_shard_01.sms_20250917
[2025-09-21 06:22:44.563] INFO  [MultiTableRepo.sms] Executing SQL: SELECT * FROM sms_shard_01.sms_20250919 WHERE id = ? AND created_at >= ? AND created_at < ?
[2025-09-21 06:22:44.563] INFO  [MultiTableRepo.sms] Parameters: id=0a1774d2-f243-4a21-86e9-385a5805069d, startValue=2025-09-19T05:58, endValue=2025-09-19T06:00
[2025-09-21 06:22:44.564] INFO  [MultiTableRepo.sms] Setting timestamp parameters: start=2025-09-19 05:58:00.0, end=2025-09-19 06:00:00.0
[2025-09-21 06:22:44.565] INFO  [MultiTableRepo.sms] No results found in table sms_shard_01.sms_20250919
[2025-09-21 06:22:44.566] INFO  [MultiTableRepo.sms] Executing SQL: SELECT * FROM sms_shard_01.sms_20250915 WHERE id = ? AND created_at >= ? AND created_at < ?
[2025-09-21 06:22:44.567] INFO  [MultiTableRepo.sms] Parameters: id=dbb1bded-0668-4b4f-86f6-190d73e14c31, startValue=2025-09-15T07:02:59, endValue=2025-09-15T07:03:01
[2025-09-21 06:22:44.568] INFO  [MultiTableRepo.sms] Setting timestamp parameters: start=2025-09-15 07:02:59.0, end=2025-09-15 07:03:01.0
[2025-09-21 06:22:44.568] INFO  [MultiTableRepo.sms] No results found in table sms_shard_01.sms_20250915
[2025-09-21 06:22:44.570] INFO  [MultiTableRepo.sms] Executing SQL: SELECT * FROM sms_shard_01.sms_20250916 WHERE id = ? AND created_at >= ? AND created_at < ?
[2025-09-21 06:22:44.570] INFO  [MultiTableRepo.sms] Parameters: id=482a561d-200a-4f3f-b617-fb3355d51639, startValue=2025-09-16T11:15, endValue=2025-09-16T13:15
[2025-09-21 06:22:44.571] INFO  [MultiTableRepo.sms] Setting timestamp parameters: start=2025-09-16 11:15:00.0, end=2025-09-16 13:15:00.0
[2025-09-21 06:22:44.571] INFO  [MultiTableRepo.sms] No results found in table sms_shard_01.sms_20250916
[2025-09-21 06:22:44.573] INFO  [MultiTableRepo.sms] Executing SQL: SELECT * FROM sms_shard_01.sms_20250916 WHERE id = ? AND created_at >= ? AND created_at < ?
[2025-09-21 06:22:44.573] INFO  [MultiTableRepo.sms] Parameters: id=f61e096f-7a22-4234-9d8c-0e28561349e2, startValue=2025-09-16T14:26, endValue=2025-09-16T16:26
[2025-09-21 06:22:44.574] INFO  [MultiTableRepo.sms] Setting timestamp parameters: start=2025-09-16 14:26:00.0, end=2025-09-16 16:26:00.0
[2025-09-21 06:22:44.574] INFO  [MultiTableRepo.sms] No results found in table sms_shard_01.sms_20250916
[2025-09-21 06:22:44.576] INFO  [MultiTableRepo.sms] Executing SQL: SELECT * FROM sms_shard_01.sms_20250917 WHERE id = ? AND created_at >= ? AND created_at < ?
[2025-09-21 06:22:44.576] INFO  [MultiTableRepo.sms] Parameters: id=48e8afcb-6904-45fb-b6bd-bd4af16c8bce, startValue=2025-09-17T07:01:59, endValue=2025-09-17T07:02:01
[2025-09-21 06:22:44.577] INFO  [MultiTableRepo.sms] Setting timestamp parameters: start=2025-09-17 07:01:59.0, end=2025-09-17 07:02:01.0
[2025-09-21 06:22:44.577] INFO  [MultiTableRepo.sms] No results found in table sms_shard_01.sms_20250917
[2025-09-21 06:22:44.579] INFO  [MultiTableRepo.sms] Executing SQL: SELECT * FROM sms_shard_01.sms_20250918 WHERE id = ? AND created_at >= ? AND created_at < ?
[2025-09-21 06:22:44.579] INFO  [MultiTableRepo.sms] Parameters: id=bbfde92e-5a4f-4d43-b3fa-2b5f53bf5bf2, startValue=2025-09-18T15:34, endValue=2025-09-18T17:34
[2025-09-21 06:22:44.581] INFO  [MultiTableRepo.sms] Setting timestamp parameters: start=2025-09-18 15:34:00.0, end=2025-09-18 17:34:00.0
[2025-09-21 06:22:44.581] INFO  [MultiTableRepo.sms] No results found in table sms_shard_01.sms_20250918
[2025-09-21 06:22:44.583] INFO  [MultiTableRepo.sms] Executing SQL: SELECT * FROM sms_shard_01.sms_20250915 WHERE id = ? AND created_at >= ? AND created_at < ?
[2025-09-21 06:22:44.583] INFO  [MultiTableRepo.sms] Parameters: id=3e4bb948-04a7-4b1c-8366-83be7fe81fc8, startValue=2025-09-15T02:27, endValue=2025-09-15T02:29
[2025-09-21 06:22:44.584] INFO  [MultiTableRepo.sms] Setting timestamp parameters: start=2025-09-15 02:27:00.0, end=2025-09-15 02:29:00.0
[2025-09-21 06:22:44.584] INFO  [MultiTableRepo.sms] No results found in table sms_shard_01.sms_20250915
[2025-09-21 06:22:44.586] INFO  [MultiTableRepo.sms] Executing SQL: SELECT * FROM sms_shard_01.sms_20250921 WHERE id = ? AND created_at >= ? AND created_at < ?
[2025-09-21 06:22:44.586] INFO  [MultiTableRepo.sms] Parameters: id=80f7d7a0-2466-437f-91b2-70537f1a4bb7, startValue=2025-09-21T04:21, endValue=2025-09-21T06:21
[2025-09-21 06:22:44.587] INFO  [MultiTableRepo.sms] Setting timestamp parameters: start=2025-09-21 04:21:00.0, end=2025-09-21 06:21:00.0
[2025-09-21 06:22:44.587] INFO  [MultiTableRepo.sms] No results found in table sms_shard_01.sms_20250921
[2025-09-21 06:22:44.589] INFO  [MultiTableRepo.sms] Executing SQL: SELECT * FROM sms_shard_01.sms_20250917 WHERE id = ? AND created_at >= ? AND created_at < ?
[2025-09-21 06:22:44.589] INFO  [MultiTableRepo.sms] Parameters: id=da346b28-83ab-4f92-9a6c-85dc15b81224, startValue=2025-09-17T01:46, endValue=2025-09-17T03:46
[2025-09-21 06:22:44.591] INFO  [MultiTableRepo.sms] Setting timestamp parameters: start=2025-09-17 01:46:00.0, end=2025-09-17 03:46:00.0
[2025-09-21 06:22:44.592] INFO  [MultiTableRepo.sms] No results found in table sms_shard_01.sms_20250917
[2025-09-21 06:22:44.593] INFO  [MultiTableRepo.sms] Executing SQL: SELECT * FROM sms_shard_01.sms_20250921 WHERE id = ? AND created_at >= ? AND created_at < ?
[2025-09-21 06:22:44.594] INFO  [MultiTableRepo.sms] Parameters: id=3f7478cb-62a4-44d5-b9c6-ef2d1e56a86b, startValue=2025-09-21T23:11:59, endValue=2025-09-21T23:12:01
[2025-09-21 06:22:44.595] INFO  [MultiTableRepo.sms] Setting timestamp parameters: start=2025-09-21 23:11:59.0, end=2025-09-21 23:12:01.0
[2025-09-21 06:22:44.596] INFO  [MultiTableRepo.sms] No results found in table sms_shard_01.sms_20250921
[2025-09-21 06:22:44.598] INFO  [MultiTableRepo.sms] Executing SQL: SELECT * FROM sms_shard_01.sms_20250917 WHERE id = ? AND created_at >= ? AND created_at < ?
[2025-09-21 06:22:44.598] INFO  [MultiTableRepo.sms] Parameters: id=c0ab4d7d-cbb9-48f2-972e-5e2d3f630ed4, startValue=2025-09-17T06:39, endValue=2025-09-17T06:41
[2025-09-21 06:22:44.599] INFO  [MultiTableRepo.sms] Setting timestamp parameters: start=2025-09-17 06:39:00.0, end=2025-09-17 06:41:00.0
[2025-09-21 06:22:44.599] INFO  [MultiTableRepo.sms] No results found in table sms_shard_01.sms_20250917
[2025-09-21 06:22:44.601] INFO  [MultiTableRepo.sms] Executing SQL: SELECT * FROM sms_shard_01.sms_20250920 WHERE id = ? AND created_at >= ? AND created_at < ?
[2025-09-21 06:22:44.601] INFO  [MultiTableRepo.sms] Parameters: id=92759f02-44ed-4a42-9338-98adaac3a92d, startValue=2025-09-20T10:34, endValue=2025-09-20T10:36
[2025-09-21 06:22:44.604] INFO  [MultiTableRepo.sms] Setting timestamp parameters: start=2025-09-20 10:34:00.0, end=2025-09-20 10:36:00.0
[2025-09-21 06:22:44.604] INFO  [MultiTableRepo.sms] No results found in table sms_shard_01.sms_20250920
[2025-09-21 06:22:44.606] INFO  [MultiTableRepo.sms] Executing SQL: SELECT * FROM sms_shard_01.sms_20250920 WHERE id = ? AND created_at >= ? AND created_at < ?
[2025-09-21 06:22:44.606] INFO  [MultiTableRepo.sms] Parameters: id=4a6fe449-cff9-4edd-b748-3097fc71c7ff, startValue=2025-09-20T02:27, endValue=2025-09-20T02:29
[2025-09-21 06:22:44.607] INFO  [MultiTableRepo.sms] Setting timestamp parameters: start=2025-09-20 02:27:00.0, end=2025-09-20 02:29:00.0
[2025-09-21 06:22:44.608] INFO  [MultiTableRepo.sms] No results found in table sms_shard_01.sms_20250920
[2025-09-21 06:22:44.609] INFO  [MultiTableRepo.sms] Executing SQL: SELECT * FROM sms_shard_01.sms_20250918 WHERE id = ? AND created_at >= ? AND created_at < ?
[2025-09-21 06:22:44.609] INFO  [MultiTableRepo.sms] Parameters: id=ed1c3ac6-edeb-42f8-91ab-2e2fadc978c1, startValue=2025-09-18T04:12, endValue=2025-09-18T06:12
[2025-09-21 06:22:44.610] INFO  [MultiTableRepo.sms] Setting timestamp parameters: start=2025-09-18 04:12:00.0, end=2025-09-18 06:12:00.0
[2025-09-21 06:22:44.611] INFO  [MultiTableRepo.sms] No results found in table sms_shard_01.sms_20250918
[2025-09-21 06:22:44.612] INFO  [MultiTableRepo.sms] Executing SQL: SELECT * FROM sms_shard_01.sms_20250918 WHERE id = ? AND created_at >= ? AND created_at < ?
[2025-09-21 06:22:44.612] INFO  [MultiTableRepo.sms] Parameters: id=5717e509-cb66-442e-9460-550944133b52, startValue=2025-09-18T22:37, endValue=2025-09-19T00:37
[2025-09-21 06:22:44.614] INFO  [MultiTableRepo.sms] Setting timestamp parameters: start=2025-09-18 22:37:00.0, end=2025-09-19 00:37:00.0
[2025-09-21 06:22:44.615] INFO  [MultiTableRepo.sms] No results found in table sms_shard_01.sms_20250918
[2025-09-21 06:22:44.617] INFO  [MultiTableRepo.sms] Executing SQL: SELECT * FROM sms_shard_01.sms_20250919 WHERE id = ? AND created_at >= ? AND created_at < ?
[2025-09-21 06:22:44.617] INFO  [MultiTableRepo.sms] Parameters: id=5717e509-cb66-442e-9460-550944133b52, startValue=2025-09-18T22:37, endValue=2025-09-19T00:37
[2025-09-21 06:22:44.618] INFO  [MultiTableRepo.sms] Setting timestamp parameters: start=2025-09-18 22:37:00.0, end=2025-09-19 00:37:00.0
[2025-09-21 06:22:44.619] INFO  [MultiTableRepo.sms] No results found in table sms_shard_01.sms_20250919
[2025-09-21 06:22:44.621] INFO  [MultiTableRepo.sms] Executing SQL: SELECT * FROM sms_shard_01.sms_20250921 WHERE id = ? AND created_at >= ? AND created_at < ?
[2025-09-21 06:22:44.621] INFO  [MultiTableRepo.sms] Parameters: id=9f204563-ce12-49d4-bf61-2060fea55d0d, startValue=2025-09-21T14:58:59, endValue=2025-09-21T14:59:01
[2025-09-21 06:22:44.623] INFO  [MultiTableRepo.sms] Setting timestamp parameters: start=2025-09-21 14:58:59.0, end=2025-09-21 14:59:01.0
[2025-09-21 06:22:44.624] INFO  [MultiTableRepo.sms] No results found in table sms_shard_01.sms_20250921
[2025-09-21 06:22:44.626] INFO  [MultiTableRepo.sms] Executing SQL: SELECT * FROM sms_shard_01.sms_20250917 WHERE id = ? AND created_at >= ? AND created_at < ?
[2025-09-21 06:22:44.626] INFO  [MultiTableRepo.sms] Parameters: id=f51e9ac5-8c7d-4660-9ae0-12ebbd4d198e, startValue=2025-09-17T14:00, endValue=2025-09-17T14:02
[2025-09-21 06:22:44.627] INFO  [MultiTableRepo.sms] Setting timestamp parameters: start=2025-09-17 14:00:00.0, end=2025-09-17 14:02:00.0
[2025-09-21 06:22:44.628] INFO  [MultiTableRepo.sms] No results found in table sms_shard_01.sms_20250917
[2025-09-21 06:22:44.629] INFO  [MultiTableRepo.sms] Executing SQL: SELECT * FROM sms_shard_01.sms_20250920 WHERE id = ? AND created_at >= ? AND created_at < ?
[2025-09-21 06:22:44.629] INFO  [MultiTableRepo.sms] Parameters: id=e2dd3ed8-4fd7-462f-a2b3-a8eadfc2cd92, startValue=2025-09-20T19:08, endValue=2025-09-20T21:08
[2025-09-21 06:22:44.631] INFO  [MultiTableRepo.sms] Setting timestamp parameters: start=2025-09-20 19:08:00.0, end=2025-09-20 21:08:00.0
[2025-09-21 06:22:44.631] INFO  [MultiTableRepo.sms] No results found in table sms_shard_01.sms_20250920
[2025-09-21 06:22:44.633] INFO  [MultiTableRepo.sms] Executing SQL: SELECT * FROM sms_shard_01.sms_20250919 WHERE id = ? AND created_at >= ? AND created_at < ?
[2025-09-21 06:22:44.633] INFO  [MultiTableRepo.sms] Parameters: id=7ba29854-5e55-4fe4-bc3d-c1851c8a9b95, startValue=2025-09-19T12:50, endValue=2025-09-19T12:52
[2025-09-21 06:22:44.637] INFO  [MultiTableRepo.sms] Setting timestamp parameters: start=2025-09-19 12:50:00.0, end=2025-09-19 12:52:00.0
[2025-09-21 06:22:44.638] INFO  [MultiTableRepo.sms] No results found in table sms_shard_01.sms_20250919
[2025-09-21 06:22:44.643] INFO  [MultiTableRepo.sms] Executing SQL: SELECT * FROM sms_shard_01.sms_20250920 WHERE id = ? AND created_at >= ? AND created_at < ?
[2025-09-21 06:22:44.643] INFO  [MultiTableRepo.sms] Parameters: id=dde1553c-34d6-4a5b-948d-34ca82f8c14c, startValue=2025-09-20T18:07, endValue=2025-09-20T20:07
[2025-09-21 06:22:44.646] INFO  [MultiTableRepo.sms] Setting timestamp parameters: start=2025-09-20 18:07:00.0, end=2025-09-20 20:07:00.0
[2025-09-21 06:22:44.646] INFO  [MultiTableRepo.sms] No results found in table sms_shard_01.sms_20250920
[2025-09-21 06:22:44.649] INFO  [MultiTableRepo.sms] Executing SQL: SELECT * FROM sms_shard_01.sms_20250921 WHERE id = ? AND created_at >= ? AND created_at < ?
[2025-09-21 06:22:44.649] INFO  [MultiTableRepo.sms] Parameters: id=5ac93879-29b9-479f-8d8d-5c5ee4971da0, startValue=2025-09-21T10:45, endValue=2025-09-21T12:45
[2025-09-21 06:22:44.650] INFO  [MultiTableRepo.sms] Setting timestamp parameters: start=2025-09-21 10:45:00.0, end=2025-09-21 12:45:00.0
[2025-09-21 06:22:44.651] INFO  [MultiTableRepo.sms] No results found in table sms_shard_01.sms_20250921
[2025-09-21 06:22:44.653] INFO  [MultiTableRepo.sms] Executing SQL: SELECT * FROM sms_shard_01.sms_20250919 WHERE id = ? AND created_at >= ? AND created_at < ?
[2025-09-21 06:22:44.653] INFO  [MultiTableRepo.sms] Parameters: id=a69501fe-0537-4e58-949b-281f36e8f84b, startValue=2025-09-19T07:29:59, endValue=2025-09-19T07:30:01
[2025-09-21 06:22:44.657] INFO  [MultiTableRepo.sms] Setting timestamp parameters: start=2025-09-19 07:29:59.0, end=2025-09-19 07:30:01.0
[2025-09-21 06:22:44.657] INFO  [MultiTableRepo.sms] No results found in table sms_shard_01.sms_20250919
[2025-09-21 06:22:44.659] INFO  [MultiTableRepo.sms] Executing SQL: SELECT * FROM sms_shard_01.sms_20250919 WHERE id = ? AND created_at >= ? AND created_at < ?
[2025-09-21 06:22:44.659] INFO  [MultiTableRepo.sms] Parameters: id=cf0c326e-8844-4af5-956e-98e1a5ee09a8, startValue=2025-09-19T20:51:59, endValue=2025-09-19T20:52:01
[2025-09-21 06:22:44.660] INFO  [MultiTableRepo.sms] Setting timestamp parameters: start=2025-09-19 20:51:59.0, end=2025-09-19 20:52:01.0
[2025-09-21 06:22:44.662] INFO  [MultiTableRepo.sms] No results found in table sms_shard_01.sms_20250919
[2025-09-21 06:22:44.666] INFO  [MultiTableRepo.sms] Executing SQL: SELECT * FROM sms_shard_01.sms_20250920 WHERE id = ? AND created_at >= ? AND created_at < ?
[2025-09-21 06:22:44.666] INFO  [MultiTableRepo.sms] Parameters: id=62274e8b-0709-4920-b6fb-493d4654785e, startValue=2025-09-20T12:41, endValue=2025-09-20T12:43
[2025-09-21 06:22:44.667] INFO  [MultiTableRepo.sms] Setting timestamp parameters: start=2025-09-20 12:41:00.0, end=2025-09-20 12:43:00.0
[2025-09-21 06:22:44.667] INFO  [MultiTableRepo.sms] No results found in table sms_shard_01.sms_20250920
[2025-09-21 06:22:44.669] INFO  [MultiTableRepo.sms] Executing SQL: SELECT * FROM sms_shard_01.sms_20250917 WHERE id = ? AND created_at >= ? AND created_at < ?
[2025-09-21 06:22:44.669] INFO  [MultiTableRepo.sms] Parameters: id=f13794f8-9afe-4ed3-a192-cacca27918b9, startValue=2025-09-17T07:38, endValue=2025-09-17T07:40
[2025-09-21 06:22:44.670] INFO  [MultiTableRepo.sms] Setting timestamp parameters: start=2025-09-17 07:38:00.0, end=2025-09-17 07:40:00.0
[2025-09-21 06:22:44.670] INFO  [MultiTableRepo.sms] No results found in table sms_shard_01.sms_20250917
[2025-09-21 06:22:44.672] INFO  [MultiTableRepo.sms] Executing SQL: SELECT * FROM sms_shard_01.sms_20250920 WHERE id = ? AND created_at >= ? AND created_at < ?
[2025-09-21 06:22:44.672] INFO  [MultiTableRepo.sms] Parameters: id=5916423e-64a2-42d9-ad8e-56ab3e387e1f, startValue=2025-09-20T07:56, endValue=2025-09-20T09:56
[2025-09-21 06:22:44.673] INFO  [MultiTableRepo.sms] Setting timestamp parameters: start=2025-09-20 07:56:00.0, end=2025-09-20 09:56:00.0
[2025-09-21 06:22:44.673] INFO  [MultiTableRepo.sms] No results found in table sms_shard_01.sms_20250920
[2025-09-21 06:22:44.675] INFO  [MultiTableRepo.sms] Executing SQL: SELECT * FROM sms_shard_01.sms_20250921 WHERE id = ? AND created_at >= ? AND created_at < ?
[2025-09-21 06:22:44.675] INFO  [MultiTableRepo.sms] Parameters: id=f22f2ac7-07d7-47e5-ba4d-2e53e83b868b, startValue=2025-09-21T01:26:59, endValue=2025-09-21T01:27:01
[2025-09-21 06:22:44.678] INFO  [MultiTableRepo.sms] Setting timestamp parameters: start=2025-09-21 01:26:59.0, end=2025-09-21 01:27:01.0
[2025-09-21 06:22:44.679] INFO  [MultiTableRepo.sms] No results found in table sms_shard_01.sms_20250921
[2025-09-21 06:22:44.680] INFO  [MultiTableRepo.sms] Executing SQL: SELECT * FROM sms_shard_01.sms_20250915 WHERE id = ? AND created_at >= ? AND created_at < ?
[2025-09-21 06:22:44.680] INFO  [MultiTableRepo.sms] Parameters: id=4814f639-4602-419d-afc4-63d2e8ae4206, startValue=2025-09-15T15:58, endValue=2025-09-15T17:58
[2025-09-21 06:22:44.682] INFO  [MultiTableRepo.sms] Setting timestamp parameters: start=2025-09-15 15:58:00.0, end=2025-09-15 17:58:00.0
[2025-09-21 06:22:44.682] INFO  [MultiTableRepo.sms] No results found in table sms_shard_01.sms_20250915
[2025-09-21 06:22:44.684] INFO  [MultiTableRepo.sms] Executing SQL: SELECT * FROM sms_shard_01.sms_20250921 WHERE id = ? AND created_at >= ? AND created_at < ?
[2025-09-21 06:22:44.684] INFO  [MultiTableRepo.sms] Parameters: id=08abc508-b357-4be0-8950-4269ab636a1b, startValue=2025-09-21T09:30:59, endValue=2025-09-21T09:31:01
[2025-09-21 06:22:44.685] INFO  [MultiTableRepo.sms] Setting timestamp parameters: start=2025-09-21 09:30:59.0, end=2025-09-21 09:31:01.0
[2025-09-21 06:22:44.685] INFO  [MultiTableRepo.sms] No results found in table sms_shard_01.sms_20250921
[2025-09-21 06:22:44.686] INFO  [MultiTableRepo.sms] Executing SQL: SELECT * FROM sms_shard_01.sms_20250920 WHERE id = ? AND created_at >= ? AND created_at < ?
[2025-09-21 06:22:44.686] INFO  [MultiTableRepo.sms] Parameters: id=51af5706-a360-4cbc-88b8-1600c033ebf7, startValue=2025-09-20T06:59, endValue=2025-09-20T07:01
[2025-09-21 06:22:44.687] INFO  [MultiTableRepo.sms] Setting timestamp parameters: start=2025-09-20 06:59:00.0, end=2025-09-20 07:01:00.0
[2025-09-21 06:22:44.688] INFO  [MultiTableRepo.sms] No results found in table sms_shard_01.sms_20250920
[2025-09-21 06:22:44.691] INFO  [MultiTableRepo.sms] Executing SQL: SELECT * FROM sms_shard_01.sms_20250916 WHERE id = ? AND created_at >= ? AND created_at < ?
[2025-09-21 06:22:44.691] INFO  [MultiTableRepo.sms] Parameters: id=49ca849a-5c71-4776-910a-667b81716167, startValue=2025-09-16T10:16, endValue=2025-09-16T10:18
[2025-09-21 06:22:44.697] INFO  [MultiTableRepo.sms] Setting timestamp parameters: start=2025-09-16 10:16:00.0, end=2025-09-16 10:18:00.0
[2025-09-21 06:22:44.697] INFO  [MultiTableRepo.sms] No results found in table sms_shard_01.sms_20250916
[2025-09-21 06:22:44.699] INFO  [MultiTableRepo.sms] Executing SQL: SELECT * FROM sms_shard_01.sms_20250919 WHERE id = ? AND created_at >= ? AND created_at < ?
[2025-09-21 06:22:44.700] INFO  [MultiTableRepo.sms] Parameters: id=98ec643a-6111-45b4-ab16-2d64a74f7553, startValue=2025-09-19T23:28, endValue=2025-09-19T23:30
[2025-09-21 06:22:44.701] INFO  [MultiTableRepo.sms] Setting timestamp parameters: start=2025-09-19 23:28:00.0, end=2025-09-19 23:30:00.0
[2025-09-21 06:22:44.701] INFO  [MultiTableRepo.sms] No results found in table sms_shard_01.sms_20250919
[2025-09-21 06:22:44.703] INFO  [MultiTableRepo.sms] Executing SQL: SELECT * FROM sms_shard_01.sms_20250919 WHERE id = ? AND created_at >= ? AND created_at < ?
[2025-09-21 06:22:44.703] INFO  [MultiTableRepo.sms] Parameters: id=92c502df-194c-43d0-9a1c-50ef8f959020, startValue=2025-09-19T20:40:59, endValue=2025-09-19T20:41:01
[2025-09-21 06:22:44.704] INFO  [MultiTableRepo.sms] Setting timestamp parameters: start=2025-09-19 20:40:59.0, end=2025-09-19 20:41:01.0
[2025-09-21 06:22:44.704] INFO  [MultiTableRepo.sms] No results found in table sms_shard_01.sms_20250919
[2025-09-21 06:22:44.706] INFO  [MultiTableRepo.sms] Executing SQL: SELECT * FROM sms_shard_01.sms_20250917 WHERE id = ? AND created_at >= ? AND created_at < ?
[2025-09-21 06:22:44.706] INFO  [MultiTableRepo.sms] Parameters: id=d0ef603f-e6f7-4c77-8db5-506cd073671b, startValue=2025-09-17T09:25:59, endValue=2025-09-17T09:26:01
[2025-09-21 06:22:44.707] INFO  [MultiTableRepo.sms] Setting timestamp parameters: start=2025-09-17 09:25:59.0, end=2025-09-17 09:26:01.0
[2025-09-21 06:22:44.708] INFO  [MultiTableRepo.sms] No results found in table sms_shard_01.sms_20250917
[2025-09-21 06:22:44.709] INFO  [MultiTableRepo.sms] Executing SQL: SELECT * FROM sms_shard_01.sms_20250915 WHERE id = ? AND created_at >= ? AND created_at < ?
[2025-09-21 06:22:44.709] INFO  [MultiTableRepo.sms] Parameters: id=69776e1b-0fd0-4783-a0ee-1ac148bdc843, startValue=2025-09-15T07:18, endValue=2025-09-15T09:18
[2025-09-21 06:22:44.710] INFO  [MultiTableRepo.sms] Setting timestamp parameters: start=2025-09-15 07:18:00.0, end=2025-09-15 09:18:00.0
[2025-09-21 06:22:44.711] INFO  [MultiTableRepo.sms] No results found in table sms_shard_01.sms_20250915
[2025-09-21 06:22:44.712] INFO  [MultiTableRepo.sms] Executing SQL: SELECT * FROM sms_shard_01.sms_20250921 WHERE id = ? AND created_at >= ? AND created_at < ?
[2025-09-21 06:22:44.712] INFO  [MultiTableRepo.sms] Parameters: id=ed275795-54b0-4bb4-9c0e-c28861fed2ce, startValue=2025-09-21T02:57, endValue=2025-09-21T02:59
[2025-09-21 06:22:44.713] INFO  [MultiTableRepo.sms] Setting timestamp parameters: start=2025-09-21 02:57:00.0, end=2025-09-21 02:59:00.0
[2025-09-21 06:22:44.713] INFO  [MultiTableRepo.sms] No results found in table sms_shard_01.sms_20250921
[2025-09-21 06:22:44.715] INFO  [MultiTableRepo.sms] Executing SQL: SELECT * FROM sms_shard_01.sms_20250918 WHERE id = ? AND created_at >= ? AND created_at < ?
[2025-09-21 06:22:44.715] INFO  [MultiTableRepo.sms] Parameters: id=5ed69f34-cfd9-4e5c-9759-72a7a64b2672, startValue=2025-09-18T16:47, endValue=2025-09-18T16:49
[2025-09-21 06:22:44.716] INFO  [MultiTableRepo.sms] Setting timestamp parameters: start=2025-09-18 16:47:00.0, end=2025-09-18 16:49:00.0
[2025-09-21 06:22:44.716] INFO  [MultiTableRepo.sms] No results found in table sms_shard_01.sms_20250918
[2025-09-21 06:22:44.717] INFO  [MultiTableRepo.sms] Executing SQL: SELECT * FROM sms_shard_01.sms_20250917 WHERE id = ? AND created_at >= ? AND created_at < ?
[2025-09-21 06:22:44.718] INFO  [MultiTableRepo.sms] Parameters: id=162861a6-1561-41a2-a9eb-a98f20d19ca5, startValue=2025-09-17T15:21, endValue=2025-09-17T17:21
[2025-09-21 06:22:44.718] INFO  [MultiTableRepo.sms] Setting timestamp parameters: start=2025-09-17 15:21:00.0, end=2025-09-17 17:21:00.0
[2025-09-21 06:22:44.719] INFO  [MultiTableRepo.sms] No results found in table sms_shard_01.sms_20250917
[2025-09-21 06:22:44.720] INFO  [MultiTableRepo.sms] Executing SQL: SELECT * FROM sms_shard_01.sms_20250920 WHERE id = ? AND created_at >= ? AND created_at < ?
[2025-09-21 06:22:44.720] INFO  [MultiTableRepo.sms] Parameters: id=edfb2f8d-50e0-461f-82c7-38a993f93943, startValue=2025-09-20T22:10, endValue=2025-09-21T00:10
[2025-09-21 06:22:44.721] INFO  [MultiTableRepo.sms] Setting timestamp parameters: start=2025-09-20 22:10:00.0, end=2025-09-21 00:10:00.0
[2025-09-21 06:22:44.722] INFO  [MultiTableRepo.sms] No results found in table sms_shard_01.sms_20250920
[2025-09-21 06:22:44.723] INFO  [MultiTableRepo.sms] Executing SQL: SELECT * FROM sms_shard_01.sms_20250921 WHERE id = ? AND created_at >= ? AND created_at < ?
[2025-09-21 06:22:44.723] INFO  [MultiTableRepo.sms] Parameters: id=edfb2f8d-50e0-461f-82c7-38a993f93943, startValue=2025-09-20T22:10, endValue=2025-09-21T00:10
[2025-09-21 06:22:44.724] INFO  [MultiTableRepo.sms] Setting timestamp parameters: start=2025-09-20 22:10:00.0, end=2025-09-21 00:10:00.0
[2025-09-21 06:22:44.724] INFO  [MultiTableRepo.sms] No results found in table sms_shard_01.sms_20250921
[2025-09-21 06:22:44.726] INFO  [MultiTableRepo.sms] Executing SQL: SELECT * FROM sms_shard_01.sms_20250920 WHERE id = ? AND created_at >= ? AND created_at < ?
[2025-09-21 06:22:44.726] INFO  [MultiTableRepo.sms] Parameters: id=d84beb52-6fe0-41e0-8e1d-1d1db7818851, startValue=2025-09-20T02:12:59, endValue=2025-09-20T02:13:01
[2025-09-21 06:22:44.726] INFO  [MultiTableRepo.sms] Setting timestamp parameters: start=2025-09-20 02:12:59.0, end=2025-09-20 02:13:01.0
[2025-09-21 06:22:44.727] INFO  [MultiTableRepo.sms] No results found in table sms_shard_01.sms_20250920
[2025-09-21 06:22:44.728] INFO  [MultiTableRepo.sms] Executing SQL: SELECT * FROM sms_shard_01.sms_20250920 WHERE id = ? AND created_at >= ? AND created_at < ?
[2025-09-21 06:22:44.728] INFO  [MultiTableRepo.sms] Parameters: id=5400f169-945a-48e0-b3bf-f9663a77702a, startValue=2025-09-20T16:57, endValue=2025-09-20T16:59
[2025-09-21 06:22:44.732] INFO  [MultiTableRepo.sms] Setting timestamp parameters: start=2025-09-20 16:57:00.0, end=2025-09-20 16:59:00.0
[2025-09-21 06:22:44.733] INFO  [MultiTableRepo.sms] No results found in table sms_shard_01.sms_20250920
[2025-09-21 06:22:44.734] INFO  [MultiTableRepo.sms] Executing SQL: SELECT * FROM sms_shard_01.sms_20250918 WHERE id = ? AND created_at >= ? AND created_at < ?
[2025-09-21 06:22:44.734] INFO  [MultiTableRepo.sms] Parameters: id=f87fb2bf-dc17-4237-8219-757b994f6109, startValue=2025-09-18T22:10:59, endValue=2025-09-18T22:11:01
[2025-09-21 06:22:44.735] INFO  [MultiTableRepo.sms] Setting timestamp parameters: start=2025-09-18 22:10:59.0, end=2025-09-18 22:11:01.0
[2025-09-21 06:22:44.735] INFO  [MultiTableRepo.sms] No results found in table sms_shard_01.sms_20250918
[2025-09-21 06:22:44.743] INFO  [MultiTableRepo.sms] Executing SQL: SELECT * FROM sms_shard_01.sms_20250917 WHERE id = ? AND created_at >= ? AND created_at < ?
[2025-09-21 06:22:44.743] INFO  [MultiTableRepo.sms] Parameters: id=4aed51ff-7f40-45f9-af91-c63bfa6c7a1b, startValue=2025-09-17T14:57:59, endValue=2025-09-17T14:58:01
[2025-09-21 06:22:44.745] INFO  [MultiTableRepo.sms] Setting timestamp parameters: start=2025-09-17 14:57:59.0, end=2025-09-17 14:58:01.0
[2025-09-21 06:22:44.747] INFO  [MultiTableRepo.sms] No results found in table sms_shard_01.sms_20250917
[2025-09-21 06:22:44.762] INFO  [MultiTableRepo.sms] Executing SQL: SELECT * FROM sms_shard_01.sms_20250920 WHERE id = ? AND created_at >= ? AND created_at < ?
[2025-09-21 06:22:44.762] INFO  [MultiTableRepo.sms] Parameters: id=53726a9d-284c-48aa-ac12-2b6a08c82dac, startValue=2025-09-20T19:02, endValue=2025-09-20T19:04
[2025-09-21 06:22:44.770] INFO  [MultiTableRepo.sms] Setting timestamp parameters: start=2025-09-20 19:02:00.0, end=2025-09-20 19:04:00.0
[2025-09-21 06:22:44.771] INFO  [MultiTableRepo.sms] No results found in table sms_shard_01.sms_20250920
[2025-09-21 06:22:44.773] INFO  [MultiTableRepo.sms] Executing SQL: SELECT * FROM sms_shard_01.sms_20250915 WHERE id = ? AND created_at >= ? AND created_at < ?
[2025-09-21 06:22:44.773] INFO  [MultiTableRepo.sms] Parameters: id=6656a784-0652-4c57-aa06-cdd7d466122f, startValue=2025-09-15T16:05, endValue=2025-09-15T16:07
[2025-09-21 06:22:44.775] INFO  [MultiTableRepo.sms] Setting timestamp parameters: start=2025-09-15 16:05:00.0, end=2025-09-15 16:07:00.0
[2025-09-21 06:22:44.776] INFO  [MultiTableRepo.sms] No results found in table sms_shard_01.sms_20250915
[2025-09-21 06:22:44.778] INFO  [MultiTableRepo.sms] Executing SQL: SELECT * FROM sms_shard_01.sms_20250918 WHERE id = ? AND created_at >= ? AND created_at < ?
[2025-09-21 06:22:44.778] INFO  [MultiTableRepo.sms] Parameters: id=f3492323-41ee-41fa-8192-2d823d63c8ec, startValue=2025-09-18T05:04:59, endValue=2025-09-18T05:05:01
[2025-09-21 06:22:44.779] INFO  [MultiTableRepo.sms] Setting timestamp parameters: start=2025-09-18 05:04:59.0, end=2025-09-18 05:05:01.0
[2025-09-21 06:22:44.780] INFO  [MultiTableRepo.sms] No results found in table sms_shard_01.sms_20250918
[2025-09-21 06:22:44.782] INFO  [MultiTableRepo.sms] Executing SQL: SELECT * FROM sms_shard_01.sms_20250921 WHERE id = ? AND created_at >= ? AND created_at < ?
[2025-09-21 06:22:44.782] INFO  [MultiTableRepo.sms] Parameters: id=6232469a-4b77-496a-9d00-ee5a9d7a8605, startValue=2025-09-21T12:46, endValue=2025-09-21T14:46
[2025-09-21 06:22:44.783] INFO  [MultiTableRepo.sms] Setting timestamp parameters: start=2025-09-21 12:46:00.0, end=2025-09-21 14:46:00.0
[2025-09-21 06:22:44.784] INFO  [MultiTableRepo.sms] No results found in table sms_shard_01.sms_20250921
[2025-09-21 06:22:44.785] INFO  [MultiTableRepo.sms] Executing SQL: SELECT * FROM sms_shard_01.sms_20250921 WHERE id = ? AND created_at >= ? AND created_at < ?
[2025-09-21 06:22:44.785] INFO  [MultiTableRepo.sms] Parameters: id=a3f336c5-843c-4eb0-b834-afebb3529c8d, startValue=2025-09-21T11:13, endValue=2025-09-21T11:15
[2025-09-21 06:22:44.787] INFO  [MultiTableRepo.sms] Setting timestamp parameters: start=2025-09-21 11:13:00.0, end=2025-09-21 11:15:00.0
[2025-09-21 06:22:44.787] INFO  [MultiTableRepo.sms] No results found in table sms_shard_01.sms_20250921
[2025-09-21 06:22:44.789] INFO  [MultiTableRepo.sms] Executing SQL: SELECT * FROM sms_shard_01.sms_20250921 WHERE id = ? AND created_at >= ? AND created_at < ?
[2025-09-21 06:22:44.789] INFO  [MultiTableRepo.sms] Parameters: id=1ae3e547-9881-4f50-a5c9-3b0aecb5a928, startValue=2025-09-21T15:29:59, endValue=2025-09-21T15:30:01
[2025-09-21 06:22:44.790] INFO  [MultiTableRepo.sms] Setting timestamp parameters: start=2025-09-21 15:29:59.0, end=2025-09-21 15:30:01.0
[2025-09-21 06:22:44.790] INFO  [MultiTableRepo.sms] No results found in table sms_shard_01.sms_20250921
[2025-09-21 06:22:44.792] INFO  [MultiTableRepo.sms] Executing SQL: SELECT * FROM sms_shard_01.sms_20250919 WHERE id = ? AND created_at >= ? AND created_at < ?
[2025-09-21 06:22:44.792] INFO  [MultiTableRepo.sms] Parameters: id=42080f8c-684e-4da2-be9c-2ec75f30002f, startValue=2025-09-19T17:43:59, endValue=2025-09-19T17:44:01
[2025-09-21 06:22:44.800] INFO  [MultiTableRepo.sms] Setting timestamp parameters: start=2025-09-19 17:43:59.0, end=2025-09-19 17:44:01.0
[2025-09-21 06:22:44.801] INFO  [MultiTableRepo.sms] No results found in table sms_shard_01.sms_20250919
[2025-09-21 06:22:44.803] INFO  [MultiTableRepo.sms] Executing SQL: SELECT * FROM sms_shard_01.sms_20250920 WHERE id = ? AND created_at >= ? AND created_at < ?
[2025-09-21 06:22:44.803] INFO  [MultiTableRepo.sms] Parameters: id=5080d59b-2d96-4c3e-b67a-f5eaced46125, startValue=2025-09-20T13:25:59, endValue=2025-09-20T13:26:01
[2025-09-21 06:22:44.804] INFO  [MultiTableRepo.sms] Setting timestamp parameters: start=2025-09-20 13:25:59.0, end=2025-09-20 13:26:01.0
[2025-09-21 06:22:44.805] INFO  [MultiTableRepo.sms] No results found in table sms_shard_01.sms_20250920
[2025-09-21 06:22:44.807] INFO  [MultiTableRepo.sms] Executing SQL: SELECT * FROM sms_shard_01.sms_20250917 WHERE id = ? AND created_at >= ? AND created_at < ?
[2025-09-21 06:22:44.807] INFO  [MultiTableRepo.sms] Parameters: id=b2ec6eec-452b-4210-8fcb-9e0017c13e5b, startValue=2025-09-17T23:36, endValue=2025-09-18T01:36
[2025-09-21 06:22:44.808] INFO  [MultiTableRepo.sms] Setting timestamp parameters: start=2025-09-17 23:36:00.0, end=2025-09-18 01:36:00.0
[2025-09-21 06:22:44.809] INFO  [MultiTableRepo.sms] No results found in table sms_shard_01.sms_20250917
[2025-09-21 06:22:44.810] INFO  [MultiTableRepo.sms] Executing SQL: SELECT * FROM sms_shard_01.sms_20250918 WHERE id = ? AND created_at >= ? AND created_at < ?
[2025-09-21 06:22:44.810] INFO  [MultiTableRepo.sms] Parameters: id=b2ec6eec-452b-4210-8fcb-9e0017c13e5b, startValue=2025-09-17T23:36, endValue=2025-09-18T01:36
[2025-09-21 06:22:44.811] INFO  [MultiTableRepo.sms] Setting timestamp parameters: start=2025-09-17 23:36:00.0, end=2025-09-18 01:36:00.0
[2025-09-21 06:22:44.812] INFO  [MultiTableRepo.sms] No results found in table sms_shard_01.sms_20250918
[2025-09-21 06:22:44.815] INFO  [MultiTableRepo.sms] Executing SQL: SELECT * FROM sms_shard_01.sms_20250915 WHERE id = ? AND created_at >= ? AND created_at < ?
[2025-09-21 06:22:44.815] INFO  [MultiTableRepo.sms] Parameters: id=ef985be9-6e4d-4b5c-a02a-6bea449d89a6, startValue=2025-09-15T21:12, endValue=2025-09-15T23:12
[2025-09-21 06:22:44.821] INFO  [MultiTableRepo.sms] Setting timestamp parameters: start=2025-09-15 21:12:00.0, end=2025-09-15 23:12:00.0
[2025-09-21 06:22:44.821] INFO  [MultiTableRepo.sms] No results found in table sms_shard_01.sms_20250915
[2025-09-21 06:22:44.825] INFO  [MultiTableRepo.sms] Executing SQL: SELECT * FROM sms_shard_01.sms_20250917 WHERE id = ? AND created_at >= ? AND created_at < ?
[2025-09-21 06:22:44.825] INFO  [MultiTableRepo.sms] Parameters: id=f4076583-da24-4ab0-af9e-3704bad6dd03, startValue=2025-09-17T05:05, endValue=2025-09-17T07:05
[2025-09-21 06:22:44.826] INFO  [MultiTableRepo.sms] Setting timestamp parameters: start=2025-09-17 05:05:00.0, end=2025-09-17 07:05:00.0
[2025-09-21 06:22:44.826] INFO  [MultiTableRepo.sms] No results found in table sms_shard_01.sms_20250917
[2025-09-21 06:22:44.827] INFO  [MultiTableRepo.sms] Executing SQL: SELECT * FROM sms_shard_01.sms_20250921 WHERE id = ? AND created_at >= ? AND created_at < ?
[2025-09-21 06:22:44.827] INFO  [MultiTableRepo.sms] Parameters: id=0601468f-6391-4496-97a6-8d3b17842138, startValue=2025-09-21T16:21, endValue=2025-09-21T18:21
[2025-09-21 06:22:44.828] INFO  [MultiTableRepo.sms] Setting timestamp parameters: start=2025-09-21 16:21:00.0, end=2025-09-21 18:21:00.0
[2025-09-21 06:22:44.829] INFO  [MultiTableRepo.sms] No results found in table sms_shard_01.sms_20250921
[2025-09-21 06:22:44.830] INFO  [MultiTableRepo.sms] Executing SQL: SELECT * FROM sms_shard_01.sms_20250917 WHERE id = ? AND created_at >= ? AND created_at < ?
[2025-09-21 06:22:44.830] INFO  [MultiTableRepo.sms] Parameters: id=fa325d94-7a6d-4d7c-8cac-7795379f489d, startValue=2025-09-17T06:19, endValue=2025-09-17T06:21
[2025-09-21 06:22:44.831] INFO  [MultiTableRepo.sms] Setting timestamp parameters: start=2025-09-17 06:19:00.0, end=2025-09-17 06:21:00.0
[2025-09-21 06:22:44.831] INFO  [MultiTableRepo.sms] No results found in table sms_shard_01.sms_20250917
[2025-09-21 06:22:44.833] INFO  [MultiTableRepo.sms] Executing SQL: SELECT * FROM sms_shard_01.sms_20250919 WHERE id = ? AND created_at >= ? AND created_at < ?
[2025-09-21 06:22:44.833] INFO  [MultiTableRepo.sms] Parameters: id=41e240ae-8ad6-4987-867c-6e0ccf690086, startValue=2025-09-19T11:21, endValue=2025-09-19T13:21
[2025-09-21 06:22:44.834] INFO  [MultiTableRepo.sms] Setting timestamp parameters: start=2025-09-19 11:21:00.0, end=2025-09-19 13:21:00.0
[2025-09-21 06:22:44.834] INFO  [MultiTableRepo.sms] No results found in table sms_shard_01.sms_20250919
[2025-09-21 06:22:44.835] INFO  [MultiTableRepo.sms] Executing SQL: SELECT * FROM sms_shard_01.sms_20250917 WHERE id = ? AND created_at >= ? AND created_at < ?
[2025-09-21 06:22:44.836] INFO  [MultiTableRepo.sms] Parameters: id=7b16ac66-1c7e-4fb9-a779-ace06af8b0d4, startValue=2025-09-17T20:29, endValue=2025-09-17T20:31
[2025-09-21 06:22:44.837] INFO  [MultiTableRepo.sms] Setting timestamp parameters: start=2025-09-17 20:29:00.0, end=2025-09-17 20:31:00.0
[2025-09-21 06:22:44.837] INFO  [MultiTableRepo.sms] No results found in table sms_shard_01.sms_20250917
[2025-09-21 06:22:44.839] INFO  [MultiTableRepo.sms] Executing SQL: SELECT * FROM sms_shard_01.sms_20250921 WHERE id = ? AND created_at >= ? AND created_at < ?
[2025-09-21 06:22:44.839] INFO  [MultiTableRepo.sms] Parameters: id=e98d8162-7005-46d0-af52-e1d0045c152f, startValue=2025-09-21T05:04:59, endValue=2025-09-21T05:05:01
[2025-09-21 06:22:44.843] INFO  [MultiTableRepo.sms] Setting timestamp parameters: start=2025-09-21 05:04:59.0, end=2025-09-21 05:05:01.0
[2025-09-21 06:22:44.843] INFO  [MultiTableRepo.sms] No results found in table sms_shard_01.sms_20250921
[2025-09-21 06:22:44.845] INFO  [MultiTableRepo.sms] Executing SQL: SELECT * FROM sms_shard_01.sms_20250920 WHERE id = ? AND created_at >= ? AND created_at < ?
[2025-09-21 06:22:44.845] INFO  [MultiTableRepo.sms] Parameters: id=3fa0f9af-091c-4a7e-b665-a07991f86c4f, startValue=2025-09-20T12:56, endValue=2025-09-20T14:56
[2025-09-21 06:22:44.846] INFO  [MultiTableRepo.sms] Setting timestamp parameters: start=2025-09-20 12:56:00.0, end=2025-09-20 14:56:00.0
[2025-09-21 06:22:44.846] INFO  [MultiTableRepo.sms] No results found in table sms_shard_01.sms_20250920
[2025-09-21 06:22:44.848] INFO  [MultiTableRepo.sms] Executing SQL: SELECT * FROM sms_shard_01.sms_20250920 WHERE id = ? AND created_at >= ? AND created_at < ?
[2025-09-21 06:22:44.848] INFO  [MultiTableRepo.sms] Parameters: id=8d16a2df-4c8d-499e-8b47-40ee525dd6dc, startValue=2025-09-20T07:31:59, endValue=2025-09-20T07:32:01
[2025-09-21 06:22:44.849] INFO  [MultiTableRepo.sms] Setting timestamp parameters: start=2025-09-20 07:31:59.0, end=2025-09-20 07:32:01.0
[2025-09-21 06:22:44.849] INFO  [MultiTableRepo.sms] No results found in table sms_shard_01.sms_20250920
[2025-09-21 06:22:44.850] INFO  [MultiTableRepo.sms] Executing SQL: SELECT * FROM sms_shard_01.sms_20250916 WHERE id = ? AND created_at >= ? AND created_at < ?
[2025-09-21 06:22:44.850] INFO  [MultiTableRepo.sms] Parameters: id=41faf5a0-9216-4f50-9a9f-5e869b8b054c, startValue=2025-09-16T05:46, endValue=2025-09-16T05:48
[2025-09-21 06:22:44.853] INFO  [MultiTableRepo.sms] Setting timestamp parameters: start=2025-09-16 05:46:00.0, end=2025-09-16 05:48:00.0
[2025-09-21 06:22:44.853] INFO  [MultiTableRepo.sms] No results found in table sms_shard_01.sms_20250916
[2025-09-21 06:22:44.855] INFO  [MultiTableRepo.sms] Executing SQL: SELECT * FROM sms_shard_01.sms_20250918 WHERE id = ? AND created_at >= ? AND created_at < ?
[2025-09-21 06:22:44.855] INFO  [MultiTableRepo.sms] Parameters: id=8b626576-7646-4851-abea-98f02bcde56f, startValue=2025-09-18T22:24, endValue=2025-09-18T22:26
[2025-09-21 06:22:44.857] INFO  [MultiTableRepo.sms] Setting timestamp parameters: start=2025-09-18 22:24:00.0, end=2025-09-18 22:26:00.0
[2025-09-21 06:22:44.857] INFO  [MultiTableRepo.sms] No results found in table sms_shard_01.sms_20250918
[2025-09-21 06:22:44.859] INFO  [MultiTableRepo.sms] Executing SQL: SELECT * FROM sms_shard_01.sms_20250920 WHERE id = ? AND created_at >= ? AND created_at < ?
[2025-09-21 06:22:44.859] INFO  [MultiTableRepo.sms] Parameters: id=951dbc8f-65ae-4511-b167-74b0a34d4d01, startValue=2025-09-20T04:42, endValue=2025-09-20T04:44
[2025-09-21 06:22:44.860] INFO  [MultiTableRepo.sms] Setting timestamp parameters: start=2025-09-20 04:42:00.0, end=2025-09-20 04:44:00.0
[2025-09-21 06:22:44.864] INFO  [MultiTableRepo.sms] No results found in table sms_shard_01.sms_20250920
[2025-09-21 06:22:44.868] INFO  [MultiTableRepo.sms] Executing SQL: SELECT * FROM sms_shard_01.sms_20250915 WHERE id = ? AND created_at >= ? AND created_at < ?
[2025-09-21 06:22:44.869] INFO  [MultiTableRepo.sms] Parameters: id=0df4bff7-e1cc-461d-8269-070a67a9daf7, startValue=2025-09-15T00:38, endValue=2025-09-15T00:40
[2025-09-21 06:22:44.870] INFO  [MultiTableRepo.sms] Setting timestamp parameters: start=2025-09-15 00:38:00.0, end=2025-09-15 00:40:00.0
[2025-09-21 06:22:44.870] INFO  [MultiTableRepo.sms] No results found in table sms_shard_01.sms_20250915
[2025-09-21 06:22:44.872] INFO  [MultiTableRepo.sms] Executing SQL: SELECT * FROM sms_shard_01.sms_20250920 WHERE id = ? AND created_at >= ? AND created_at < ?
[2025-09-21 06:22:44.872] INFO  [MultiTableRepo.sms] Parameters: id=50584ced-fd39-45d0-9e0d-c1bb191d46ea, startValue=2025-09-20T07:05:59, endValue=2025-09-20T07:06:01
[2025-09-21 06:22:44.873] INFO  [MultiTableRepo.sms] Setting timestamp parameters: start=2025-09-20 07:05:59.0, end=2025-09-20 07:06:01.0
[2025-09-21 06:22:44.874] INFO  [MultiTableRepo.sms] No results found in table sms_shard_01.sms_20250920
[2025-09-21 06:22:44.875] INFO  [MultiTableRepo.sms] Executing SQL: SELECT * FROM sms_shard_01.sms_20250916 WHERE id = ? AND created_at >= ? AND created_at < ?
[2025-09-21 06:22:44.875] INFO  [MultiTableRepo.sms] Parameters: id=a0bc0dde-a0ff-4749-a599-791695a7a24f, startValue=2025-09-16T05:46:59, endValue=2025-09-16T05:47:01
[2025-09-21 06:22:44.879] INFO  [MultiTableRepo.sms] Setting timestamp parameters: start=2025-09-16 05:46:59.0, end=2025-09-16 05:47:01.0
[2025-09-21 06:22:44.879] INFO  [MultiTableRepo.sms] No results found in table sms_shard_01.sms_20250916
[2025-09-21 06:22:44.881] INFO  [MultiTableRepo.sms] Executing SQL: SELECT * FROM sms_shard_01.sms_20250917 WHERE id = ? AND created_at >= ? AND created_at < ?
[2025-09-21 06:22:44.881] INFO  [MultiTableRepo.sms] Parameters: id=5592f0a5-0f86-494f-910d-a2bbe9eaf175, startValue=2025-09-17T16:12:59, endValue=2025-09-17T16:13:01
[2025-09-21 06:22:44.882] INFO  [MultiTableRepo.sms] Setting timestamp parameters: start=2025-09-17 16:12:59.0, end=2025-09-17 16:13:01.0
[2025-09-21 06:22:44.883] INFO  [MultiTableRepo.sms] No results found in table sms_shard_01.sms_20250917
[2025-09-21 06:22:44.884] INFO  [MultiTableRepo.sms] Executing SQL: SELECT * FROM sms_shard_01.sms_20250919 WHERE id = ? AND created_at >= ? AND created_at < ?
[2025-09-21 06:22:44.884] INFO  [MultiTableRepo.sms] Parameters: id=a6120543-c485-402f-9084-d11df7a7af05, startValue=2025-09-19T20:40:59, endValue=2025-09-19T20:41:01
[2025-09-21 06:22:44.885] INFO  [MultiTableRepo.sms] Setting timestamp parameters: start=2025-09-19 20:40:59.0, end=2025-09-19 20:41:01.0
[2025-09-21 06:22:44.886] INFO  [MultiTableRepo.sms] No results found in table sms_shard_01.sms_20250919
[2025-09-21 06:22:44.887] INFO  [MultiTableRepo.sms] Executing SQL: SELECT * FROM sms_shard_01.sms_20250919 WHERE id = ? AND created_at >= ? AND created_at < ?
[2025-09-21 06:22:44.887] INFO  [MultiTableRepo.sms] Parameters: id=d38d1353-0ff6-418e-a497-8822dc27d741, startValue=2025-09-19T14:18, endValue=2025-09-19T16:18
[2025-09-21 06:22:44.888] INFO  [MultiTableRepo.sms] Setting timestamp parameters: start=2025-09-19 14:18:00.0, end=2025-09-19 16:18:00.0
[2025-09-21 06:22:44.888] INFO  [MultiTableRepo.sms] No results found in table sms_shard_01.sms_20250919
[2025-09-21 06:22:44.890] INFO  [MultiTableRepo.sms] Executing SQL: SELECT * FROM sms_shard_01.sms_20250920 WHERE id = ? AND created_at >= ? AND created_at < ?
[2025-09-21 06:22:44.890] INFO  [MultiTableRepo.sms] Parameters: id=0a12b350-4e60-4be7-ab82-4d402688cfd8, startValue=2025-09-20T10:03:59, endValue=2025-09-20T10:04:01
[2025-09-21 06:22:44.891] INFO  [MultiTableRepo.sms] Setting timestamp parameters: start=2025-09-20 10:03:59.0, end=2025-09-20 10:04:01.0
[2025-09-21 06:22:44.892] INFO  [MultiTableRepo.sms] No results found in table sms_shard_01.sms_20250920
[2025-09-21 06:22:44.893] INFO  [MultiTableRepo.sms] Executing SQL: SELECT * FROM sms_shard_01.sms_20250921 WHERE id = ? AND created_at >= ? AND created_at < ?
[2025-09-21 06:22:44.893] INFO  [MultiTableRepo.sms] Parameters: id=dccbe2bc-53f9-4eef-8e3e-c24d88d5d17a, startValue=2025-09-21T04:38, endValue=2025-09-21T04:40
[2025-09-21 06:22:44.894] INFO  [MultiTableRepo.sms] Setting timestamp parameters: start=2025-09-21 04:38:00.0, end=2025-09-21 04:40:00.0
[2025-09-21 06:22:44.895] INFO  [MultiTableRepo.sms] No results found in table sms_shard_01.sms_20250921
[2025-09-21 06:22:44.896] INFO  [MultiTableRepo.sms] Executing SQL: SELECT * FROM sms_shard_01.sms_20250918 WHERE id = ? AND created_at >= ? AND created_at < ?
[2025-09-21 06:22:44.896] INFO  [MultiTableRepo.sms] Parameters: id=f3c3c20d-3b37-45f0-a691-68a9a3faf2ca, startValue=2025-09-18T02:05, endValue=2025-09-18T04:05
[2025-09-21 06:22:44.897] INFO  [MultiTableRepo.sms] Setting timestamp parameters: start=2025-09-18 02:05:00.0, end=2025-09-18 04:05:00.0
[2025-09-21 06:22:44.897] INFO  [MultiTableRepo.sms] No results found in table sms_shard_01.sms_20250918
[2025-09-21 06:22:44.898] INFO  [MultiTableRepo.sms] Executing SQL: SELECT * FROM sms_shard_01.sms_20250917 WHERE id = ? AND created_at >= ? AND created_at < ?
[2025-09-21 06:22:44.899] INFO  [MultiTableRepo.sms] Parameters: id=5ba15ea7-e048-435f-8a51-dea2db2b6f92, startValue=2025-09-17T19:50, endValue=2025-09-17T19:52
[2025-09-21 06:22:44.899] INFO  [MultiTableRepo.sms] Setting timestamp parameters: start=2025-09-17 19:50:00.0, end=2025-09-17 19:52:00.0
[2025-09-21 06:22:44.900] INFO  [MultiTableRepo.sms] No results found in table sms_shard_01.sms_20250917
[2025-09-21 06:22:44.901] INFO  [MultiTableRepo.sms] Executing SQL: SELECT * FROM sms_shard_01.sms_20250919 WHERE id = ? AND created_at >= ? AND created_at < ?
[2025-09-21 06:22:44.901] INFO  [MultiTableRepo.sms] Parameters: id=6c759fe6-0c84-4479-bd74-4753ff0ed8b2, startValue=2025-09-19T02:53, endValue=2025-09-19T02:55
[2025-09-21 06:22:44.903] INFO  [MultiTableRepo.sms] Setting timestamp parameters: start=2025-09-19 02:53:00.0, end=2025-09-19 02:55:00.0
[2025-09-21 06:22:44.903] INFO  [MultiTableRepo.sms] No results found in table sms_shard_01.sms_20250919
[2025-09-21 06:22:44.906] INFO  [MultiTableRepo.sms] Executing SQL: SELECT * FROM sms_shard_01.sms_20250918 WHERE id = ? AND created_at >= ? AND created_at < ?
[2025-09-21 06:22:44.906] INFO  [MultiTableRepo.sms] Parameters: id=731ae6e0-9b7f-4b55-830f-fe6ae6e1efbb, startValue=2025-09-18T16:28:59, endValue=2025-09-18T16:29:01
[2025-09-21 06:22:44.907] INFO  [MultiTableRepo.sms] Setting timestamp parameters: start=2025-09-18 16:28:59.0, end=2025-09-18 16:29:01.0
[2025-09-21 06:22:44.907] INFO  [MultiTableRepo.sms] No results found in table sms_shard_01.sms_20250918
[2025-09-21 06:22:44.909] INFO  [MultiTableRepo.sms] Executing SQL: SELECT * FROM sms_shard_01.sms_20250917 WHERE id = ? AND created_at >= ? AND created_at < ?
[2025-09-21 06:22:44.909] INFO  [MultiTableRepo.sms] Parameters: id=29d84c0f-5499-456c-ba31-87728b6cc61d, startValue=2025-09-17T10:00:59, endValue=2025-09-17T10:01:01
[2025-09-21 06:22:44.910] INFO  [MultiTableRepo.sms] Setting timestamp parameters: start=2025-09-17 10:00:59.0, end=2025-09-17 10:01:01.0
[2025-09-21 06:22:44.910] INFO  [MultiTableRepo.sms] No results found in table sms_shard_01.sms_20250917
[2025-09-21 06:22:44.912] INFO  [MultiTableRepo.sms] Executing SQL: SELECT * FROM sms_shard_01.sms_20250917 WHERE id = ? AND created_at >= ? AND created_at < ?
[2025-09-21 06:22:44.912] INFO  [MultiTableRepo.sms] Parameters: id=673e8b63-f9c3-4d37-be29-f6e66cb08a32, startValue=2025-09-17T13:59:59, endValue=2025-09-17T14:00:01
[2025-09-21 06:22:44.913] INFO  [MultiTableRepo.sms] Setting timestamp parameters: start=2025-09-17 13:59:59.0, end=2025-09-17 14:00:01.0
[2025-09-21 06:22:44.914] INFO  [MultiTableRepo.sms] No results found in table sms_shard_01.sms_20250917
[2025-09-21 06:22:44.918] INFO  [MultiTableRepo.sms] Executing SQL: SELECT * FROM sms_shard_01.sms_20250918 WHERE id = ? AND created_at >= ? AND created_at < ?
[2025-09-21 06:22:44.918] INFO  [MultiTableRepo.sms] Parameters: id=f8d67f5a-30c5-41a5-ad10-e52b7a22d1e8, startValue=2025-09-18T05:52, endValue=2025-09-18T05:54
[2025-09-21 06:22:44.919] INFO  [MultiTableRepo.sms] Setting timestamp parameters: start=2025-09-18 05:52:00.0, end=2025-09-18 05:54:00.0
[2025-09-21 06:22:44.919] INFO  [MultiTableRepo.sms] No results found in table sms_shard_01.sms_20250918
[2025-09-21 06:22:44.921] INFO  [MultiTableRepo.sms] Executing SQL: SELECT * FROM sms_shard_01.sms_20250918 WHERE id = ? AND created_at >= ? AND created_at < ?
[2025-09-21 06:22:44.921] INFO  [MultiTableRepo.sms] Parameters: id=7ddfea4d-78bc-40a1-be4a-b7d515324dbe, startValue=2025-09-18T06:39:59, endValue=2025-09-18T06:40:01
[2025-09-21 06:22:44.922] INFO  [MultiTableRepo.sms] Setting timestamp parameters: start=2025-09-18 06:39:59.0, end=2025-09-18 06:40:01.0
[2025-09-21 06:22:44.922] INFO  [MultiTableRepo.sms] No results found in table sms_shard_01.sms_20250918
[2025-09-21 06:22:44.924] INFO  [MultiTableRepo.sms] Executing SQL: SELECT * FROM sms_shard_01.sms_20250916 WHERE id = ? AND created_at >= ? AND created_at < ?
[2025-09-21 06:22:44.924] INFO  [MultiTableRepo.sms] Parameters: id=e3d7764f-434d-4faa-a4c8-2779456dce75, startValue=2025-09-16T21:27, endValue=2025-09-16T21:29
[2025-09-21 06:22:44.925] INFO  [MultiTableRepo.sms] Setting timestamp parameters: start=2025-09-16 21:27:00.0, end=2025-09-16 21:29:00.0
[2025-09-21 06:22:44.925] INFO  [MultiTableRepo.sms] No results found in table sms_shard_01.sms_20250916
[2025-09-21 06:22:44.927] INFO  [MultiTableRepo.sms] Executing SQL: SELECT * FROM sms_shard_01.sms_20250920 WHERE id = ? AND created_at >= ? AND created_at < ?
[2025-09-21 06:22:44.927] INFO  [MultiTableRepo.sms] Parameters: id=c022bce3-9533-4b5a-99f2-0f849bcbdfc5, startValue=2025-09-20T07:57, endValue=2025-09-20T09:57
[2025-09-21 06:22:44.928] INFO  [MultiTableRepo.sms] Setting timestamp parameters: start=2025-09-20 07:57:00.0, end=2025-09-20 09:57:00.0
[2025-09-21 06:22:44.928] INFO  [MultiTableRepo.sms] No results found in table sms_shard_01.sms_20250920
[2025-09-21 06:22:44.929] INFO  [MultiTableRepo.sms] Executing SQL: SELECT * FROM sms_shard_01.sms_20250917 WHERE id = ? AND created_at >= ? AND created_at < ?
[2025-09-21 06:22:44.930] INFO  [MultiTableRepo.sms] Parameters: id=7da06f0e-aa0b-408c-92c7-94d49fc109e4, startValue=2025-09-17T16:51, endValue=2025-09-17T18:51
[2025-09-21 06:22:44.931] INFO  [MultiTableRepo.sms] Setting timestamp parameters: start=2025-09-17 16:51:00.0, end=2025-09-17 18:51:00.0
[2025-09-21 06:22:44.931] INFO  [MultiTableRepo.sms] No results found in table sms_shard_01.sms_20250917
[2025-09-21 06:22:44.932] INFO  [MultiTableRepo.sms] Executing SQL: SELECT * FROM sms_shard_01.sms_20250921 WHERE id = ? AND created_at >= ? AND created_at < ?
[2025-09-21 06:22:44.932] INFO  [MultiTableRepo.sms] Parameters: id=04746431-aad9-45eb-b8cf-2eafefb1606f, startValue=2025-09-21T08:11, endValue=2025-09-21T08:13
[2025-09-21 06:22:44.934] INFO  [MultiTableRepo.sms] Setting timestamp parameters: start=2025-09-21 08:11:00.0, end=2025-09-21 08:13:00.0
[2025-09-21 06:22:44.934] INFO  [MultiTableRepo.sms] No results found in table sms_shard_01.sms_20250921
[2025-09-21 06:22:44.936] INFO  [MultiTableRepo.sms] Executing SQL: SELECT * FROM sms_shard_01.sms_20250921 WHERE id = ? AND created_at >= ? AND created_at < ?
[2025-09-21 06:22:44.936] INFO  [MultiTableRepo.sms] Parameters: id=aaa5cdc1-5013-4b70-b77d-445342d64b79, startValue=2025-09-21T13:02:59, endValue=2025-09-21T13:03:01
[2025-09-21 06:22:44.937] INFO  [MultiTableRepo.sms] Setting timestamp parameters: start=2025-09-21 13:02:59.0, end=2025-09-21 13:03:01.0
[2025-09-21 06:22:44.937] INFO  [MultiTableRepo.sms] No results found in table sms_shard_01.sms_20250921
[2025-09-21 06:22:44.939] INFO  [MultiTableRepo.sms] Executing SQL: SELECT * FROM sms_shard_01.sms_20250919 WHERE id = ? AND created_at >= ? AND created_at < ?
[2025-09-21 06:22:44.939] INFO  [MultiTableRepo.sms] Parameters: id=cd98d72a-8ce9-4f4f-8fa3-bdad1ce31284, startValue=2025-09-19T19:07, endValue=2025-09-19T19:09
[2025-09-21 06:22:44.940] INFO  [MultiTableRepo.sms] Setting timestamp parameters: start=2025-09-19 19:07:00.0, end=2025-09-19 19:09:00.0
[2025-09-21 06:22:44.940] INFO  [MultiTableRepo.sms] No results found in table sms_shard_01.sms_20250919
[2025-09-21 06:22:44.942] INFO  [MultiTableRepo.sms] Executing SQL: SELECT * FROM sms_shard_01.sms_20250916 WHERE id = ? AND created_at >= ? AND created_at < ?
[2025-09-21 06:22:44.942] INFO  [MultiTableRepo.sms] Parameters: id=b3c1d06f-621f-4254-a503-741a81812beb, startValue=2025-09-16T12:01:59, endValue=2025-09-16T12:02:01
[2025-09-21 06:22:44.943] INFO  [MultiTableRepo.sms] Setting timestamp parameters: start=2025-09-16 12:01:59.0, end=2025-09-16 12:02:01.0
[2025-09-21 06:22:44.943] INFO  [MultiTableRepo.sms] No results found in table sms_shard_01.sms_20250916
[2025-09-21 06:22:44.945] INFO  [MultiTableRepo.sms] Executing SQL: SELECT * FROM sms_shard_01.sms_20250919 WHERE id = ? AND created_at >= ? AND created_at < ?
[2025-09-21 06:22:44.945] INFO  [MultiTableRepo.sms] Parameters: id=cc53b15d-4de0-420a-8b9b-95c5c21705de, startValue=2025-09-19T18:41, endValue=2025-09-19T20:41
[2025-09-21 06:22:44.946] INFO  [MultiTableRepo.sms] Setting timestamp parameters: start=2025-09-19 18:41:00.0, end=2025-09-19 20:41:00.0
[2025-09-21 06:22:44.946] INFO  [MultiTableRepo.sms] No results found in table sms_shard_01.sms_20250919
[2025-09-21 06:22:44.948] INFO  [MultiTableRepo.sms] Executing SQL: SELECT * FROM sms_shard_01.sms_20250918 WHERE id = ? AND created_at >= ? AND created_at < ?
[2025-09-21 06:22:44.948] INFO  [MultiTableRepo.sms] Parameters: id=5b230ad8-a536-43bd-b6ea-bba0cb5f260a, startValue=2025-09-18T02:39, endValue=2025-09-18T04:39
[2025-09-21 06:22:44.949] INFO  [MultiTableRepo.sms] Setting timestamp parameters: start=2025-09-18 02:39:00.0, end=2025-09-18 04:39:00.0
[2025-09-21 06:22:44.949] INFO  [MultiTableRepo.sms] No results found in table sms_shard_01.sms_20250918
[...]
[2025-09-21 06:22:48.208] INFO  [MultiTableRepo.sms] Setting timestamp parameters: start=2025-09-15 22:39:00.0, end=2025-09-16 00:39:00.0
[2025-09-21 06:22:48.208] INFO  [MultiTableRepo.sms] No results found in table sms_shard_01.sms_20250916
[2025-09-21 06:22:48.209] INFO  [MultiTableRepo.sms] Executing SQL: SELECT * FROM sms_shard_01.sms_20250920 WHERE id = ? AND created_at >= ? AND created_at < ?
[2025-09-21 06:22:48.209] INFO  [MultiTableRepo.sms] Parameters: id=d8a7f7a3-7a8c-4c59-8648-3f896ad516f4, startValue=2025-09-20T09:57, endValue=2025-09-20T11:57
[2025-09-21 06:22:48.210] INFO  [MultiTableRepo.sms] Setting timestamp parameters: start=2025-09-20 09:57:00.0, end=2025-09-20 11:57:00.0
[2025-09-21 06:22:48.210] INFO  [MultiTableRepo.sms] No results found in table sms_shard_01.sms_20250920
[2025-09-21 06:22:48.211] INFO  [MultiTableRepo.sms] Executing SQL: SELECT * FROM sms_shard_01.sms_20250921 WHERE id = ? AND created_at >= ? AND created_at < ?
[2025-09-21 06:22:48.211] INFO  [MultiTableRepo.sms] Parameters: id=492fa1ec-0a99-4ae9-9561-8d68c35d3805, startValue=2025-09-21T16:58, endValue=2025-09-21T18:58
[2025-09-21 06:22:48.212] INFO  [MultiTableRepo.sms] Setting timestamp parameters: start=2025-09-21 16:58:00.0, end=2025-09-21 18:58:00.0
[2025-09-21 06:22:48.213] INFO  [MultiTableRepo.sms] No results found in table sms_shard_01.sms_20250921
[2025-09-21 06:22:48.213] INFO  [MultiTableRepo.sms] Executing SQL: SELECT * FROM sms_shard_01.sms_20250915 WHERE id = ? AND created_at >= ? AND created_at < ?
[2025-09-21 06:22:48.213] INFO  [MultiTableRepo.sms] Parameters: id=957d239b-d831-4a2b-9fea-229f489dd950, startValue=2025-09-15T05:41, endValue=2025-09-15T05:43
[2025-09-21 06:22:48.214] INFO  [MultiTableRepo.sms] Setting timestamp parameters: start=2025-09-15 05:41:00.0, end=2025-09-15 05:43:00.0
[2025-09-21 06:22:48.214] INFO  [MultiTableRepo.sms] No results found in table sms_shard_01.sms_20250915
[2025-09-21 06:22:48.215] INFO  [MultiTableRepo.sms] Executing SQL: SELECT * FROM sms_shard_01.sms_20250916 WHERE id = ? AND created_at >= ? AND created_at < ?
[2025-09-21 06:22:48.215] INFO  [MultiTableRepo.sms] Parameters: id=844cba4a-1ac7-4fb1-8048-c23f5975a675, startValue=2025-09-16T02:49, endValue=2025-09-16T02:51
[2025-09-21 06:22:48.216] INFO  [MultiTableRepo.sms] Setting timestamp parameters: start=2025-09-16 02:49:00.0, end=2025-09-16 02:51:00.0
[2025-09-21 06:22:48.216] INFO  [MultiTableRepo.sms] No results found in table sms_shard_01.sms_20250916
[2025-09-21 06:22:48.217] INFO  [MultiTableRepo.sms] Executing SQL: SELECT * FROM sms_shard_01.sms_20250917 WHERE id = ? AND created_at >= ? AND created_at < ?
[2025-09-21 06:22:48.218] INFO  [MultiTableRepo.sms] Parameters: id=d7c8ed35-9e40-425e-9b05-f2a5eeb5bd24, startValue=2025-09-17T17:59:59, endValue=2025-09-17T18:00:01
[2025-09-21 06:22:48.218] INFO  [MultiTableRepo.sms] Setting timestamp parameters: start=2025-09-17 17:59:59.0, end=2025-09-17 18:00:01.0
[2025-09-21 06:22:48.219] INFO  [MultiTableRepo.sms] No results found in table sms_shard_01.sms_20250917
[2025-09-21 06:22:48.220] INFO  [MultiTableRepo.sms] Executing SQL: SELECT * FROM sms_shard_01.sms_20250919 WHERE id = ? AND created_at >= ? AND created_at < ?
[2025-09-21 06:22:48.220] INFO  [MultiTableRepo.sms] Parameters: id=1ca6f50c-710c-42b1-ae66-5cc09a18f1a4, startValue=2025-09-19T00:15, endValue=2025-09-19T02:15
[2025-09-21 06:22:48.221] INFO  [MultiTableRepo.sms] Setting timestamp parameters: start=2025-09-19 00:15:00.0, end=2025-09-19 02:15:00.0
[2025-09-21 06:22:48.221] INFO  [MultiTableRepo.sms] No results found in table sms_shard_01.sms_20250919
[2025-09-21 06:22:48.223] INFO  [MultiTableRepo.sms] Executing SQL: SELECT * FROM sms_shard_01.sms_20250921 WHERE id = ? AND created_at >= ? AND created_at < ?
[2025-09-21 06:22:48.223] INFO  [MultiTableRepo.sms] Parameters: id=65aa402f-d065-4001-ac51-44e80de5700f, startValue=2025-09-21T09:42, endValue=2025-09-21T11:42
[2025-09-21 06:22:48.224] INFO  [MultiTableRepo.sms] Setting timestamp parameters: start=2025-09-21 09:42:00.0, end=2025-09-21 11:42:00.0
[2025-09-21 06:22:48.224] INFO  [MultiTableRepo.sms] No results found in table sms_shard_01.sms_20250921
[2025-09-21 06:22:48.228] INFO  [MultiTableRepo.sms] Executing SQL: SELECT * FROM sms_shard_01.sms_20250915 WHERE id = ? AND created_at >= ? AND created_at < ?
[2025-09-21 06:22:48.228] INFO  [MultiTableRepo.sms] Parameters: id=3f492909-40ca-46d5-bf67-ef7995970853, startValue=2025-09-15T16:30, endValue=2025-09-15T18:30
[2025-09-21 06:22:48.230] INFO  [MultiTableRepo.sms] Setting timestamp parameters: start=2025-09-15 16:30:00.0, end=2025-09-15 18:30:00.0
[2025-09-21 06:22:48.230] INFO  [MultiTableRepo.sms] No results found in table sms_shard_01.sms_20250915
[2025-09-21 06:22:48.231] INFO  [MultiTableRepo.sms] Executing SQL: SELECT * FROM sms_shard_01.sms_20250916 WHERE id = ? AND created_at >= ? AND created_at < ?
[2025-09-21 06:22:48.231] INFO  [MultiTableRepo.sms] Parameters: id=1dc7a77f-edcc-4b50-82d3-a67c4d7067b3, startValue=2025-09-16T09:32, endValue=2025-09-16T11:32
[2025-09-21 06:22:48.232] INFO  [MultiTableRepo.sms] Setting timestamp parameters: start=2025-09-16 09:32:00.0, end=2025-09-16 11:32:00.0
[2025-09-21 06:22:48.233] INFO  [MultiTableRepo.sms] No results found in table sms_shard_01.sms_20250916
[2025-09-21 06:22:48.242] INFO  [MultiTableRepo.sms] Executing SQL: SELECT * FROM sms_shard_01.sms_20250918 WHERE id = ? AND created_at >= ? AND created_at < ?
[2025-09-21 06:22:48.242] INFO  [MultiTableRepo.sms] Parameters: id=53ce40d0-cbdf-4283-a936-16b43909fcea, startValue=2025-09-18T05:13:59, endValue=2025-09-18T05:14:01
[2025-09-21 06:22:48.243] INFO  [MultiTableRepo.sms] Setting timestamp parameters: start=2025-09-18 05:13:59.0, end=2025-09-18 05:14:01.0
[2025-09-21 06:22:48.244] INFO  [MultiTableRepo.sms] No results found in table sms_shard_01.sms_20250918
[2025-09-21 06:22:48.248] INFO  [MultiTableRepo.sms] Executing SQL: SELECT * FROM sms_shard_01.sms_20250921 WHERE id = ? AND created_at >= ? AND created_at < ?
[2025-09-21 06:22:48.248] INFO  [MultiTableRepo.sms] Parameters: id=8c4f7024-3b57-4ead-8c5d-e2a11452c26c, startValue=2025-09-21T05:29, endValue=2025-09-21T05:31
[2025-09-21 06:22:48.251] INFO  [MultiTableRepo.sms] Setting timestamp parameters: start=2025-09-21 05:29:00.0, end=2025-09-21 05:31:00.0
[2025-09-21 06:22:48.251] INFO  [MultiTableRepo.sms] No results found in table sms_shard_01.sms_20250921
[2025-09-21 06:22:48.253] INFO  [MultiTableRepo.sms] Executing SQL: SELECT * FROM sms_shard_01.sms_20250920 WHERE id = ? AND created_at >= ? AND created_at < ?
[2025-09-21 06:22:48.253] INFO  [MultiTableRepo.sms] Parameters: id=71032393-8d27-4f62-bb20-15fa60bbbb35, startValue=2025-09-20T19:44, endValue=2025-09-20T21:44
[2025-09-21 06:22:48.254] INFO  [MultiTableRepo.sms] Setting timestamp parameters: start=2025-09-20 19:44:00.0, end=2025-09-20 21:44:00.0
[2025-09-21 06:22:48.256] INFO  [MultiTableRepo.sms] No results found in table sms_shard_01.sms_20250920
[2025-09-21 06:22:48.258] INFO  [MultiTableRepo.sms] Executing SQL: SELECT * FROM sms_shard_01.sms_20250921 WHERE id = ? AND created_at >= ? AND created_at < ?
[2025-09-21 06:22:48.258] INFO  [MultiTableRepo.sms] Parameters: id=b72bdaba-44f1-476b-aec9-6b1b8e27d4b2, startValue=2025-09-21T22:10, endValue=2025-09-21T22:12
[2025-09-21 06:22:48.259] INFO  [MultiTableRepo.sms] Setting timestamp parameters: start=2025-09-21 22:10:00.0, end=2025-09-21 22:12:00.0
[2025-09-21 06:22:48.259] INFO  [MultiTableRepo.sms] No results found in table sms_shard_01.sms_20250921
[2025-09-21 06:22:48.262] INFO  [MultiTableRepo.sms] Executing SQL: SELECT * FROM sms_shard_01.sms_20250916 WHERE id = ? AND created_at >= ? AND created_at < ?
[2025-09-21 06:22:48.262] INFO  [MultiTableRepo.sms] Parameters: id=69c0c001-6226-48d8-ab86-4af7af41811a, startValue=2025-09-16T01:37, endValue=2025-09-16T01:39
[2025-09-21 06:22:48.263] INFO  [MultiTableRepo.sms] Setting timestamp parameters: start=2025-09-16 01:37:00.0, end=2025-09-16 01:39:00.0
[2025-09-21 06:22:48.264] INFO  [MultiTableRepo.sms] No results found in table sms_shard_01.sms_20250916
[2025-09-21 06:22:48.265] INFO  [MultiTableRepo.sms] Executing SQL: SELECT * FROM sms_shard_01.sms_20250917 WHERE id = ? AND created_at >= ? AND created_at < ?
[2025-09-21 06:22:48.265] INFO  [MultiTableRepo.sms] Parameters: id=84c7a5a7-4971-4505-9d3a-7e0ff342a7cf, startValue=2025-09-17T11:03, endValue=2025-09-17T11:05
[2025-09-21 06:22:48.266] INFO  [MultiTableRepo.sms] Setting timestamp parameters: start=2025-09-17 11:03:00.0, end=2025-09-17 11:05:00.0
[2025-09-21 06:22:48.266] INFO  [MultiTableRepo.sms] No results found in table sms_shard_01.sms_20250917
[2025-09-21 06:22:48.272] INFO  [MultiTableRepo.sms] Executing SQL: SELECT * FROM sms_shard_01.sms_20250921 WHERE id = ? AND created_at >= ? AND created_at < ?
[2025-09-21 06:22:48.272] INFO  [MultiTableRepo.sms] Parameters: id=b5b5ea7f-6116-45ee-b6dd-9437cdda4b5b, startValue=2025-09-21T16:26, endValue=2025-09-21T16:28
[2025-09-21 06:22:48.273] INFO  [MultiTableRepo.sms] Setting timestamp parameters: start=2025-09-21 16:26:00.0, end=2025-09-21 16:28:00.0
[2025-09-21 06:22:48.274] INFO  [MultiTableRepo.sms] No results found in table sms_shard_01.sms_20250921
[2025-09-21 06:22:48.275] INFO  [MultiTableRepo.sms] Executing SQL: SELECT * FROM sms_shard_01.sms_20250917 WHERE id = ? AND created_at >= ? AND created_at < ?
[2025-09-21 06:22:48.275] INFO  [MultiTableRepo.sms] Parameters: id=30015376-8bcf-465f-b501-d6e9b2d69ae3, startValue=2025-09-17T09:40, endValue=2025-09-17T09:42
[2025-09-21 06:22:48.276] INFO  [MultiTableRepo.sms] Setting timestamp parameters: start=2025-09-17 09:40:00.0, end=2025-09-17 09:42:00.0
[2025-09-21 06:22:48.277] INFO  [MultiTableRepo.sms] No results found in table sms_shard_01.sms_20250917
[2025-09-21 06:22:48.280] INFO  [MultiTableRepo.sms] Executing SQL: SELECT * FROM sms_shard_01.sms_20250919 WHERE id = ? AND created_at >= ? AND created_at < ?
[2025-09-21 06:22:48.280] INFO  [MultiTableRepo.sms] Parameters: id=8ca802ce-b5d1-4926-a954-06e3e32f7132, startValue=2025-09-19T05:30:59, endValue=2025-09-19T05:31:01
[2025-09-21 06:22:48.282] INFO  [MultiTableRepo.sms] Setting timestamp parameters: start=2025-09-19 05:30:59.0, end=2025-09-19 05:31:01.0
[2025-09-21 06:22:48.282] INFO  [MultiTableRepo.sms] No results found in table sms_shard_01.sms_20250919
[2025-09-21 06:22:48.284] INFO  [MultiTableRepo.sms] Executing SQL: SELECT * FROM sms_shard_01.sms_20250921 WHERE id = ? AND created_at >= ? AND created_at < ?
[2025-09-21 06:22:48.284] INFO  [MultiTableRepo.sms] Parameters: id=f80c224c-d981-425f-ad37-baf08d2aeaab, startValue=2025-09-21T21:49, endValue=2025-09-21T21:51
[2025-09-21 06:22:48.287] INFO  [MultiTableRepo.sms] Setting timestamp parameters: start=2025-09-21 21:49:00.0, end=2025-09-21 21:51:00.0
[2025-09-21 06:22:48.288] INFO  [MultiTableRepo.sms] No results found in table sms_shard_01.sms_20250921
[2025-09-21 06:22:48.297] INFO  [MultiTableRepo.sms] Executing SQL: SELECT * FROM sms_shard_01.sms_20250921 WHERE id = ? AND created_at >= ? AND created_at < ?
[2025-09-21 06:22:48.297] INFO  [MultiTableRepo.sms] Parameters: id=0a967b24-bfc6-4c1d-b523-97008ef29d64, startValue=2025-09-21T03:33:59, endValue=2025-09-21T03:34:01
[2025-09-21 06:22:48.300] INFO  [MultiTableRepo.sms] Setting timestamp parameters: start=2025-09-21 03:33:59.0, end=2025-09-21 03:34:01.0
[2025-09-21 06:22:48.301] INFO  [MultiTableRepo.sms] No results found in table sms_shard_01.sms_20250921
[2025-09-21 06:22:48.303] INFO  [MultiTableRepo.sms] Executing SQL: SELECT * FROM sms_shard_01.sms_20250919 WHERE id = ? AND created_at >= ? AND created_at < ?
[2025-09-21 06:22:48.303] INFO  [MultiTableRepo.sms] Parameters: id=e4132413-ee7f-4d7b-9166-9054f77454e3, startValue=2025-09-19T10:56, endValue=2025-09-19T10:58
[2025-09-21 06:22:48.305] INFO  [MultiTableRepo.sms] Setting timestamp parameters: start=2025-09-19 10:56:00.0, end=2025-09-19 10:58:00.0
[2025-09-21 06:22:48.306] INFO  [MultiTableRepo.sms] No results found in table sms_shard_01.sms_20250919
[2025-09-21 06:22:48.310] INFO  [MultiTableRepo.sms] Executing SQL: SELECT * FROM sms_shard_01.sms_20250916 WHERE id = ? AND created_at >= ? AND created_at < ?
[2025-09-21 06:22:48.310] INFO  [MultiTableRepo.sms] Parameters: id=d2427ee6-aeac-4d14-91ba-f3ce61ae25a6, startValue=2025-09-16T20:50, endValue=2025-09-16T20:52
[2025-09-21 06:22:48.312] INFO  [MultiTableRepo.sms] Setting timestamp parameters: start=2025-09-16 20:50:00.0, end=2025-09-16 20:52:00.0
[2025-09-21 06:22:48.312] INFO  [MultiTableRepo.sms] No results found in table sms_shard_01.sms_20250916
[2025-09-21 06:22:48.313] INFO  [MultiTableRepo.sms] Executing SQL: SELECT * FROM sms_shard_01.sms_20250919 WHERE id = ? AND created_at >= ? AND created_at < ?
[2025-09-21 06:22:48.313] INFO  [MultiTableRepo.sms] Parameters: id=df4874be-792b-42e9-ae61-551540b76648, startValue=2025-09-19T02:07, endValue=2025-09-19T04:07
[2025-09-21 06:22:48.314] INFO  [MultiTableRepo.sms] Setting timestamp parameters: start=2025-09-19 02:07:00.0, end=2025-09-19 04:07:00.0
[2025-09-21 06:22:48.315] INFO  [MultiTableRepo.sms] No results found in table sms_shard_01.sms_20250919
[2025-09-21 06:22:48.316] INFO  [MultiTableRepo.sms] Executing SQL: SELECT * FROM sms_shard_01.sms_20250915 WHERE id = ? AND created_at >= ? AND created_at < ?
[2025-09-21 06:22:48.316] INFO  [MultiTableRepo.sms] Parameters: id=fe21e177-d897-4f68-89bc-44420fdaad34, startValue=2025-09-15T16:44, endValue=2025-09-15T16:46
[2025-09-21 06:22:48.317] INFO  [MultiTableRepo.sms] Setting timestamp parameters: start=2025-09-15 16:44:00.0, end=2025-09-15 16:46:00.0
[2025-09-21 06:22:48.317] INFO  [MultiTableRepo.sms] No results found in table sms_shard_01.sms_20250915
[2025-09-21 06:22:48.319] INFO  [MultiTableRepo.sms] Executing SQL: SELECT * FROM sms_shard_01.sms_20250917 WHERE id = ? AND created_at >= ? AND created_at < ?
[2025-09-21 06:22:48.319] INFO  [MultiTableRepo.sms] Parameters: id=3cbb2a56-f949-42d9-a7ed-2e8076489144, startValue=2025-09-17T00:26, endValue=2025-09-17T00:28
[2025-09-21 06:22:48.320] INFO  [MultiTableRepo.sms] Setting timestamp parameters: start=2025-09-17 00:26:00.0, end=2025-09-17 00:28:00.0
[2025-09-21 06:22:48.320] INFO  [MultiTableRepo.sms] No results found in table sms_shard_01.sms_20250917
[2025-09-21 06:22:48.321] INFO  [MultiTableRepo.sms] Executing SQL: SELECT * FROM sms_shard_01.sms_20250919 WHERE id = ? AND created_at >= ? AND created_at < ?
[2025-09-21 06:22:48.321] INFO  [MultiTableRepo.sms] Parameters: id=a088d6be-cc9e-4dce-90d7-c08d4f572788, startValue=2025-09-19T00:24, endValue=2025-09-19T02:24
[2025-09-21 06:22:48.322] INFO  [MultiTableRepo.sms] Setting timestamp parameters: start=2025-09-19 00:24:00.0, end=2025-09-19 02:24:00.0
[2025-09-21 06:22:48.322] INFO  [MultiTableRepo.sms] No results found in table sms_shard_01.sms_20250919
[2025-09-21 06:22:48.323] INFO  [MultiTableRepo.sms] Executing SQL: SELECT * FROM sms_shard_01.sms_20250918 WHERE id = ? AND created_at >= ? AND created_at < ?
[2025-09-21 06:22:48.323] INFO  [MultiTableRepo.sms] Parameters: id=3a886ab2-aded-4d34-b77c-31df96cd6047, startValue=2025-09-18T03:10:59, endValue=2025-09-18T03:11:01
[2025-09-21 06:22:48.324] INFO  [MultiTableRepo.sms] Setting timestamp parameters: start=2025-09-18 03:10:59.0, end=2025-09-18 03:11:01.0
[2025-09-21 06:22:48.324] INFO  [MultiTableRepo.sms] No results found in table sms_shard_01.sms_20250918
[2025-09-21 06:22:48.326] INFO  [MultiTableRepo.sms] Executing SQL: SELECT * FROM sms_shard_01.sms_20250918 WHERE id = ? AND created_at >= ? AND created_at < ?
[2025-09-21 06:22:48.326] INFO  [MultiTableRepo.sms] Parameters: id=be36cc94-aae6-47ae-a489-20bc22df755d, startValue=2025-09-18T10:14:59, endValue=2025-09-18T10:15:01
[2025-09-21 06:22:48.326] INFO  [MultiTableRepo.sms] Setting timestamp parameters: start=2025-09-18 10:14:59.0, end=2025-09-18 10:15:01.0
[2025-09-21 06:22:48.327] INFO  [MultiTableRepo.sms] No results found in table sms_shard_01.sms_20250918
[2025-09-21 06:22:48.328] INFO  [MultiTableRepo.sms] Executing SQL: SELECT * FROM sms_shard_01.sms_20250919 WHERE id = ? AND created_at >= ? AND created_at < ?
[2025-09-21 06:22:48.328] INFO  [MultiTableRepo.sms] Parameters: id=89d89448-993c-4ddf-9d6f-443b0cf61dce, startValue=2025-09-19T18:36:59, endValue=2025-09-19T18:37:01
[2025-09-21 06:22:48.329] INFO  [MultiTableRepo.sms] Setting timestamp parameters: start=2025-09-19 18:36:59.0, end=2025-09-19 18:37:01.0
[2025-09-21 06:22:48.329] INFO  [MultiTableRepo.sms] No results found in table sms_shard_01.sms_20250919
[2025-09-21 06:22:48.330] INFO  [MultiTableRepo.sms] Executing SQL: SELECT * FROM sms_shard_01.sms_20250921 WHERE id = ? AND created_at >= ? AND created_at < ?
[2025-09-21 06:22:48.330] INFO  [MultiTableRepo.sms] Parameters: id=8d3fb301-c01f-4bbc-a46e-2f8258db35c6, startValue=2025-09-21T19:01:59, endValue=2025-09-21T19:02:01
[2025-09-21 06:22:48.331] INFO  [MultiTableRepo.sms] Setting timestamp parameters: start=2025-09-21 19:01:59.0, end=2025-09-21 19:02:01.0
[2025-09-21 06:22:48.331] INFO  [MultiTableRepo.sms] No results found in table sms_shard_01.sms_20250921
[2025-09-21 06:22:48.333] INFO  [MultiTableRepo.sms] Executing SQL: SELECT * FROM sms_shard_01.sms_20250918 WHERE id = ? AND created_at >= ? AND created_at < ?
[2025-09-21 06:22:48.333] INFO  [MultiTableRepo.sms] Parameters: id=aa2f2dc7-2657-4c2f-9fd4-fb548bcf4f67, startValue=2025-09-18T15:43, endValue=2025-09-18T15:45
[2025-09-21 06:22:48.334] INFO  [MultiTableRepo.sms] Setting timestamp parameters: start=2025-09-18 15:43:00.0, end=2025-09-18 15:45:00.0
[2025-09-21 06:22:48.334] INFO  [MultiTableRepo.sms] No results found in table sms_shard_01.sms_20250918
[2025-09-21 06:22:48.335] INFO  [MultiTableRepo.sms] Executing SQL: SELECT * FROM sms_shard_01.sms_20250920 WHERE id = ? AND created_at >= ? AND created_at < ?
[2025-09-21 06:22:48.335] INFO  [MultiTableRepo.sms] Parameters: id=7c42574c-8283-48de-87c6-4ff6a22f3c75, startValue=2025-09-20T08:12:59, endValue=2025-09-20T08:13:01
[2025-09-21 06:22:48.336] INFO  [MultiTableRepo.sms] Setting timestamp parameters: start=2025-09-20 08:12:59.0, end=2025-09-20 08:13:01.0
[2025-09-21 06:22:48.336] INFO  [MultiTableRepo.sms] No results found in table sms_shard_01.sms_20250920

=== Comprehensive Entity Verification Summary ===
Total SMS records tested: 1000
Successfully found with all fields matching: 0
Found but with field mismatches: 0
Not found with valid range: 1000
Correctly returned null for invalid ranges: 0
Success rate (valid ranges): 0.00%
]]></system-out>
    <system-err><![CDATA[  ✗ Failed to find SMS 1580701b with MINUTE range (created: 2025-09-20T17:53, range: 2025-09-20T17:52 to 2025-09-20T17:54)
  ✗ Failed to find SMS 8a42628d with MINUTE range (created: 2025-09-15T12:11, range: 2025-09-15T12:10 to 2025-09-15T12:12)
  ✗ Failed to find SMS 51a30f15 with MINUTE range (created: 2025-09-15T03:59, range: 2025-09-15T03:58 to 2025-09-15T04:00)
  ✗ Failed to find SMS 6a20397b with HOUR range (created: 2025-09-20T10:35, range: 2025-09-20T09:35 to 2025-09-20T11:35)
  ✗ Failed to find SMS e73958b6 with MINUTE range (created: 2025-09-19T20:05, range: 2025-09-19T20:04 to 2025-09-19T20:06)
  ✗ Failed to find SMS 2cc75728 with MINUTE range (created: 2025-09-16T01:28, range: 2025-09-16T01:27 to 2025-09-16T01:29)
  ✗ Failed to find SMS 175cc042 with HOUR range (created: 2025-09-20T01:26, range: 2025-09-20T00:26 to 2025-09-20T02:26)
  ✗ Failed to find SMS cb0b4646 with SECOND range (created: 2025-09-21T16:20, range: 2025-09-21T16:19:59 to 2025-09-21T16:20:01)
  ✗ Failed to find SMS e64553ad with HOUR range (created: 2025-09-17T02:24, range: 2025-09-17T01:24 to 2025-09-17T03:24)
  ✗ Failed to find SMS 22112be7 with SECOND range (created: 2025-09-17T18:33, range: 2025-09-17T18:32:59 to 2025-09-17T18:33:01)
]]></system-err>
  </testcase>
</testsuite>