<?xml version="1.0" encoding="UTF-8"?>
<testsuite xmlns:xsi="http://www.w3.org/2001/XMLSchema-instance" xsi:noNamespaceSchemaLocation="https://maven.apache.org/surefire/maven-surefire-plugin/xsd/surefire-test-report.xsd" version="3.0.2" name="com.telcobright.splitverse.tests.BasicFunctionalityTest" time="4.553" tests="4" errors="0" skipped="0" failures="0">
  <properties>
[...]
</properties>
  <testcase name="testInsertAndFindById" classname="com.telcobright.splitverse.tests.BasicFunctionalityTest" time="0.232">
    <system-out><![CDATA[
=== Basic Functionality Test ===
[SplitVerse] Building repository with:
  Entity: TestEntity
  Table: auto-detect
  Sharding Strategy: SINGLE_KEY_HASH
  Repository Mode: MULTI_TABLE
  Table Granularity: DAILY
  Retention Days: 30
  ID Size: 22 bytes
  Charset: utf8mb4, Collation: utf8mb4_bin
  Shards: 1
[2025-09-26 03:02:13.768] INFO  [MultiTableRepo.test_entity] Initializing daily tables for retention period: 2025-08-27 to 2025-10-26 (61 days)
[2025-09-26 03:02:15.946] INFO  [MultiTableRepo.test_entity] Completed table initialization
[SplitVerse] Initialized shard: primary
[SplitVerse] Initialized with 1 active shard(s)

1. Testing insert and find by ID:
  Inserted entity with ID: ec8f9421-dcd1-4bca-9d95-575148b68562
  ✓ Found entity by ID
]]></system-out>
    <system-err><![CDATA[Sep 26, 2025 3:02:13 AM com.telcobright.core.connection.ConnectionProvider <init>
INFO: ConnectionProvider initialized for: jdbc:mysql://127.0.0.1:3306/test_basic_1758834133458?useSSL=false&serverTimezone=UTC&useLegacyDatetimeCode=false&preserveInstants=true
]]></system-err>
  </testcase>
  <testcase name="testFindByDateRange" classname="com.telcobright.splitverse.tests.BasicFunctionalityTest" time="0.082">
    <system-out><![CDATA[
2. Testing date range query:
  Inserted 5 entities
  Found 6 entities in date range
]]></system-out>
  </testcase>
  <testcase name="testUpdate" classname="com.telcobright.splitverse.tests.BasicFunctionalityTest" time="0.309">
    <system-out><![CDATA[
3. Testing update:
  ✓ Update successful
]]></system-out>
  </testcase>
  <testcase name="testDelete" classname="com.telcobright.splitverse.tests.BasicFunctionalityTest" time="0.563">
    <system-out><![CDATA[
4. Testing delete:
  ✓ Delete successful
]]></system-out>
  </testcase>
</testsuite>