<?xml version="1.0" encoding="UTF-8"?>
<testsuite xmlns:xsi="http://www.w3.org/2001/XMLSchema-instance" xsi:noNamespaceSchemaLocation="https://maven.apache.org/surefire/maven-surefire-plugin/xsd/surefire-test-report.xsd" version="3.0.2" name="com.telcobright.splitverse.tests.SimpleBatchRetrievalTest" time="24.577" tests="1" errors="0" skipped="0" failures="0">
  <properties>
[...]
</properties>
  <testcase name="testSimpleBatchRetrieval" classname="com.telcobright.splitverse.tests.SimpleBatchRetrievalTest" time="24.54">
    <system-out><![CDATA[[2025-09-24 04:01:16.026] INFO  [PartitionedRepo.records] Initializing partitioned table and partitions for retention period...
[2025-09-24 04:01:16.067] INFO  [PartitionedRepo.records] Creating partitioned table with 60 partitions
[2025-09-24 04:01:16.067] INFO  [PartitionedRepo.records] Executing CREATE TABLE SQL: CREATE TABLE IF NOT EXISTS batch_test_db.records (id VARCHAR(255), numeric_id BIGINT, timestamp DATETIME, data VARCHAR(255), PRIMARY KEY (id, timestamp), KEY idx_timestamp (timestamp)) ENGINE=InnoDB DEFAULT CHARSET=utf8mb4 COLLATE=utf8mb4_bin
PARTITION BY RANGE (TO_DAYS(timestamp))
(
  PARTITION p20250825 VALUES LESS THAN (TO_DAYS('2025-08-26')),
  PARTITION p20250826 VALUES LESS THAN (TO_DAYS('2025-08-27')),
  PARTITION p20250827 VALUES LESS THAN (TO_DAYS('2025-08-28')),
  PARTITION p20250828 VALUES LESS THAN (TO_DAYS('2025-08-29')),
  PARTITION p20250829 VALUES LESS THAN (TO_DAYS('2025-08-30')),
  PARTITION p20250830 VALUES LESS THAN (TO_DAYS('2025-08-31')),
  PARTITION p20250831 VALUES LESS THAN (TO_DAYS('2025-09-01')),
  PARTITION p20250901 VALUES LESS THAN (TO_DAYS('2025-09-02')),
  PARTITION p20250902 VALUES LESS THAN (TO_DAYS('2025-09-03')),
  PARTITION p20250903 VALUES LESS THAN (TO_DAYS('2025-09-04')),
  PARTITION p20250904 VALUES LESS THAN (TO_DAYS('2025-09-05')),
  PARTITION p20250905 VALUES LESS THAN (TO_DAYS('2025-09-06')),
  PARTITION p20250906 VALUES LESS THAN (TO_DAYS('2025-09-07')),
  PARTITION p20250907 VALUES LESS THAN (TO_DAYS('2025-09-08')),
  PARTITION p20250908 VALUES LESS THAN (TO_DAYS('2025-09-09')),
  PARTITION p20250909 VALUES LESS THAN (TO_DAYS('2025-09-10')),
  PARTITION p20250910 VALUES LESS THAN (TO_DAYS('2025-09-11')),
  PARTITION p20250911 VALUES LESS THAN (TO_DAYS('2025-09-12')),
  PARTITION p20250912 VALUES LESS THAN (TO_DAYS('2025-09-13')),
  PARTITION p20250913 VALUES LESS THAN (TO_DAYS('2025-09-14')),
  PARTITION p20250914 VALUES LESS THAN (TO_DAYS('2025-09-15')),
  PARTITION p20250915 VALUES LESS THAN (TO_DAYS('2025-09-16')),
  PARTITION p20250916 VALUES LESS THAN (TO_DAYS('2025-09-17')),
  PARTITION p20250917 VALUES LESS THAN (TO_DAYS('2025-09-18')),
  PARTITION p20250918 VALUES LESS THAN (TO_DAYS('2025-09-19')),
  PARTITION p20250919 VALUES LESS THAN (TO_DAYS('2025-09-20')),
  PARTITION p20250920 VALUES LESS THAN (TO_DAYS('2025-09-21')),
  PARTITION p20250921 VALUES LESS THAN (TO_DAYS('2025-09-22')),
  PARTITION p20250922 VALUES LESS THAN (TO_DAYS('2025-09-23')),
  PARTITION p20250923 VALUES LESS THAN (TO_DAYS('2025-09-24')),
  PARTITION p20250924 VALUES LESS THAN (TO_DAYS('2025-09-25')),
  PARTITION p20250925 VALUES LESS THAN (TO_DAYS('2025-09-26')),
  PARTITION p20250926 VALUES LESS THAN (TO_DAYS('2025-09-27')),
  PARTITION p20250927 VALUES LESS THAN (TO_DAYS('2025-09-28')),
  PARTITION p20250928 VALUES LESS THAN (TO_DAYS('2025-09-29')),
  PARTITION p20250929 VALUES LESS THAN (TO_DAYS('2025-09-30')),
  PARTITION p20250930 VALUES LESS THAN (TO_DAYS('2025-10-01')),
  PARTITION p20251001 VALUES LESS THAN (TO_DAYS('2025-10-02')),
  PARTITION p20251002 VALUES LESS THAN (TO_DAYS('2025-10-03')),
  PARTITION p20251003 VALUES LESS THAN (TO_DAYS('2025-10-04')),
  PARTITION p20251004 VALUES LESS THAN (TO_DAYS('2025-10-05')),
  PARTITION p20251005 VALUES LESS THAN (TO_DAYS('2025-10-06')),
  PARTITION p20251006 VALUES LESS THAN (TO_DAYS('2025-10-07')),
  PARTITION p20251007 VALUES LESS THAN (TO_DAYS('2025-10-08')),
  PARTITION p20251008 VALUES LESS THAN (TO_DAYS('2025-10-09')),
  PARTITION p20251009 VALUES LESS THAN (TO_DAYS('2025-10-10')),
  PARTITION p20251010 VALUES LESS THAN (TO_DAYS('2025-10-11')),
  PARTITION p20251011 VALUES LESS THAN (TO_DAYS('2025-10-12')),
  PARTITION p20251012 VALUES LESS THAN (TO_DAYS('2025-10-13')),
  PARTITION p20251013 VALUES LESS THAN (TO_DAYS('2025-10-14')),
  PARTITION p20251014 VALUES LESS THAN (TO_DAYS('2025-10-15')),
  PARTITION p20251015 VALUES LESS THAN (TO_DAYS('2025-10-16')),
  PARTITION p20251016 VALUES LESS THAN (TO_DAYS('2025-10-17')),
  PARTITION p20251017 VALUES LESS THAN (TO_DAYS('2025-10-18')),
  PARTITION p20251018 VALUES LESS THAN (TO_DAYS('2025-10-19')),
  PARTITION p20251019 VALUES LESS THAN (TO_DAYS('2025-10-20')),
  PARTITION p20251020 VALUES LESS THAN (TO_DAYS('2025-10-21')),
  PARTITION p20251021 VALUES LESS THAN (TO_DAYS('2025-10-22')),
  PARTITION p20251022 VALUES LESS THAN (TO_DAYS('2025-10-23')),
  PARTITION p20251023 VALUES LESS THAN (TO_DAYS('2025-10-24'))
)
[2025-09-24 04:01:17.450] INFO  [PartitionedRepo.records] Created partitioned table: batch_test_db.records with partitions from 2025-08-25 to 2025-10-24
[2025-09-24 04:01:17.464] INFO  [SimpleSeqRepo.records] Initializing SimpleSequentialRepository: table=records, maxId=9223372036854775807, wrapAround=true
[2025-09-24 04:01:17.519] INFO  [SimpleSeqRepo.records] State management initialized, starting from ID: 0

=== Simple Batch Retrieval Test ===

PHASE 1: Inserting test records...
✓ Inserted 250 test records

PHASE 2: Testing batch retrieval scenarios...

Test 1: findByIdRange(1, 100) - expect IDs 1-100
✓ Retrieved 100 records (IDs 1-100)

Test 2: findByIdRange(1000, 100) - expect IDs 1000-1099
✓ Retrieved 100 records (IDs 1000-1099)

Test 3: findByIdRange(101, 100) - expect empty (no data in range)
✓ Retrieved 0 records (range has no data)

Test 4: findByIdRange(5000, 100) - expect 50 records (5000-5049)
✓ Retrieved 50 records (IDs 5000-5049)

Test 5: findByIdRange(1000, 10) - expect IDs 1000-1009
✓ Retrieved 10 records (IDs 1000-1009)

PHASE 3: Testing sequential iteration pattern...

Batch starting at 1: found 100 records
Batch starting at 501: found 1 records
Batch starting at 1001: found 99 records
Batch starting at 4501: found 1 records
Batch starting at 5001: found 49 records

✓ Sequential iteration found all 250 records

PHASE 4: Performance test...

✓ 100 batch retrievals completed in 11014ms
  Average: 110.14ms per batch

=== TEST COMPLETED SUCCESSFULLY ===
[2025-09-24 04:01:39.286] INFO  [PartitionedRepo.records] ConnectionProvider shutdown
[2025-09-24 04:01:39.287] INFO  [SimpleSeqRepo.records] SimpleSequentialRepository shutdown completed
]]></system-out>
    <system-err><![CDATA[Sep 24, 2025 4:01:15 AM com.telcobright.core.connection.ConnectionProvider <init>
INFO: ConnectionProvider initialized for: jdbc:mysql://127.0.0.1:3306/batch_test_db?useSSL=false&serverTimezone=UTC&useLegacyDatetimeCode=false&preserveInstants=true
Sep 24, 2025 4:01:16 AM com.telcobright.core.connection.ConnectionProvider <init>
INFO: ConnectionProvider initialized for: jdbc:mysql://127.0.0.1:3306/batch_test_db?useSSL=false&serverTimezone=UTC&useLegacyDatetimeCode=false&preserveInstants=true
Sep 24, 2025 4:01:39 AM com.telcobright.core.connection.ConnectionProvider shutdown
INFO: ConnectionProvider shutdown
Sep 24, 2025 4:01:39 AM com.telcobright.core.connection.ConnectionProvider shutdown
INFO: ConnectionProvider shutdown
]]></system-err>
  </testcase>
</testsuite>