<?xml version="1.0" encoding="UTF-8"?>
<testsuite xmlns:xsi="http://www.w3.org/2001/XMLSchema-instance" xsi:noNamespaceSchemaLocation="https://maven.apache.org/surefire/maven-surefire-plugin/xsd/surefire-test-report.xsd" version="3.0.2" name="com.telcobright.splitverse.tests.CrudOperationsTest" time="0.369" tests="1" errors="0" skipped="0" failures="0">
  <properties>
[...]
</properties>
  <testcase name="testInsertSingleEntity" classname="com.telcobright.splitverse.tests.CrudOperationsTest" time="0.058">
    <system-out><![CDATA[[SplitVerse] Building repository with:
  Entity: User
  Table: users
  Sharding Strategy: DUAL_KEY_HASH_RANGE
  Repository Mode: MULTI_TABLE
  Partition Column: created_at (LOCAL_DATE_TIME)
  Partition Range: DAILY
  Table Granularity: DAILY
  Retention Days: 7
  ID Size: 22 bytes
  Charset: utf8mb4, Collation: utf8mb4_bin
  Shards: 1
[2025-09-19 03:22:07.052] INFO  [MultiTableRepo.users] Initializing tables for retention period: 2025-09-12 to 2025-09-26 (15 days)
[2025-09-19 03:22:07.227] INFO  [MultiTableRepo.users] Ensured table exists: test_split_verse.users_20250912
[2025-09-19 03:22:07.236] INFO  [MultiTableRepo.users] Ensured table exists: test_split_verse.users_20250913
[2025-09-19 03:22:07.239] INFO  [MultiTableRepo.users] Ensured table exists: test_split_verse.users_20250914
[2025-09-19 03:22:07.243] INFO  [MultiTableRepo.users] Ensured table exists: test_split_verse.users_20250915
[2025-09-19 03:22:07.248] INFO  [MultiTableRepo.users] Ensured table exists: test_split_verse.users_20250916
[2025-09-19 03:22:07.253] INFO  [MultiTableRepo.users] Ensured table exists: test_split_verse.users_20250917
[2025-09-19 03:22:07.258] INFO  [MultiTableRepo.users] Ensured table exists: test_split_verse.users_20250918
[2025-09-19 03:22:07.261] INFO  [MultiTableRepo.users] Ensured table exists: test_split_verse.users_20250919
[2025-09-19 03:22:07.267] INFO  [MultiTableRepo.users] Ensured table exists: test_split_verse.users_20250920
[2025-09-19 03:22:07.272] INFO  [MultiTableRepo.users] Ensured table exists: test_split_verse.users_20250921
[2025-09-19 03:22:07.276] INFO  [MultiTableRepo.users] Ensured table exists: test_split_verse.users_20250922
[2025-09-19 03:22:07.279] INFO  [MultiTableRepo.users] Ensured table exists: test_split_verse.users_20250923
[2025-09-19 03:22:07.283] INFO  [MultiTableRepo.users] Ensured table exists: test_split_verse.users_20250924
[2025-09-19 03:22:07.286] INFO  [MultiTableRepo.users] Ensured table exists: test_split_verse.users_20250925
[2025-09-19 03:22:07.290] INFO  [MultiTableRepo.users] Ensured table exists: test_split_verse.users_20250926
[2025-09-19 03:22:07.290] INFO  [MultiTableRepo.users] Completed table initialization for retention period
[SplitVerse] Initialized shard: shard-0
[SplitVerse] Initialized with 1 active shard(s)
Inserted user with ID: fdac36191c1b40fa8bad70
]]></system-out>
    <system-err><![CDATA[Sep 19, 2025 3:22:07 AM com.telcobright.core.connection.ConnectionProvider <init>
INFO: ConnectionProvider initialized for: jdbc:mysql://127.0.0.1:3306/test_split_verse?useSSL=false&serverTimezone=UTC&useLegacyDatetimeCode=false&preserveInstants=true
]]></system-err>
  </testcase>
</testsuite>